You have triggered an unhandledRejection, you may have forgotten to catch a Promise rejection:
Error: ENOENT: no such file or directory, open 'C:\etc\letsencrypt\live\jeffreysanford.us\privkey.pem'
    at Object.openSync (node:fs:573:18)
    at Object.readFileSync (node:fs:452:35)
    at bootstrap (C:\repos\craft-fusion\apps\craft-nest\src\main.ts:23:13)
    at processTicksAndRejections (node:internal/process/task_queues:95:5)
You have triggered an unhandledRejection, you may have forgotten to catch a Promise rejection:
Error: ENOENT: no such file or directory, open 'C:\etc\letsencrypt\live\jeffreysanford.us\privkey.pem'
    at Object.openSync (node:fs:573:18)
    at Object.readFileSync (node:fs:452:35)
    at bootstrap (C:\repos\craft-fusion\apps\craft-nest\src\main.ts:23:13)
    at processTicksAndRejections (node:internal/process/task_queues:95:5)
You have triggered an unhandledRejection, you may have forgotten to catch a Promise rejection:
Error: ENOENT: no such file or directory, open 'C:\etc\letsencrypt\live\jeffreysanford.us\privkey.pem'
    at Object.openSync (node:fs:573:18)
    at Object.readFileSync (node:fs:452:35)
    at bootstrap (C:\repos\craft-fusion\apps\craft-nest\src\main.ts:23:13)
    at processTicksAndRejections (node:internal/process/task_queues:95:5)
You have triggered an unhandledRejection, you may have forgotten to catch a Promise rejection:
Error: ENOENT: no such file or directory, open 'C:\etc\letsencrypt\live\jeffreysanford.us\privkey.pem'
    at Object.openSync (node:fs:573:18)
    at Object.readFileSync (node:fs:452:35)
    at bootstrap (C:\repos\craft-fusion\apps\craft-nest\src\main.ts:23:13)
    at processTicksAndRejections (node:internal/process/task_queues:95:5)
You have triggered an unhandledRejection, you may have forgotten to catch a Promise rejection:
Error: ENOENT: no such file or directory, open 'C:\etc\letsencrypt\live\jeffreysanford.us\privkey.pem'
    at Object.openSync (node:fs:573:18)
    at Object.readFileSync (node:fs:452:35)
    at bootstrap (C:\repos\craft-fusion\apps\craft-nest\src\main.ts:23:13)
    at processTicksAndRejections (node:internal/process/task_queues:95:5)
You have triggered an unhandledRejection, you may have forgotten to catch a Promise rejection:
Error: ENOENT: no such file or directory, open 'C:\etc\letsencrypt\live\jeffreysanford.us\privkey.pem'
    at Object.openSync (node:fs:573:18)
    at Object.readFileSync (node:fs:452:35)
    at bootstrap (C:\repos\craft-fusion\apps\craft-nest\src\main.ts:23:13)
    at processTicksAndRejections (node:internal/process/task_queues:95:5)
You have triggered an unhandledRejection, you may have forgotten to catch a Promise rejection:
Error: ENOENT: no such file or directory, open 'C:\etc\letsencrypt\live\jeffreysanford.us\privkey.pem'
    at Object.openSync (node:fs:573:18)
    at Object.readFileSync (node:fs:452:35)
    at bootstrap (C:\repos\craft-fusion\apps\craft-nest\src\main.ts:23:13)
    at processTicksAndRejections (node:internal/process/task_queues:95:5)
You have triggered an unhandledRejection, you may have forgotten to catch a Promise rejection:
Error: ENOENT: no such file or directory, open 'C:\etc\letsencrypt\live\jeffreysanford.us\privkey.pem'
    at Object.openSync (node:fs:573:18)
    at Object.readFileSync (node:fs:452:35)
    at bootstrap (C:\repos\craft-fusion\apps\craft-nest\src\main.ts:23:13)
    at processTicksAndRejections (node:internal/process/task_queues:95:5)
You have triggered an unhandledRejection, you may have forgotten to catch a Promise rejection:
Error: ENOENT: no such file or directory, open 'C:\etc\letsencrypt\live\jeffreysanford.us\privkey.pem'
    at Object.openSync (node:fs:573:18)
    at Object.readFileSync (node:fs:452:35)
    at bootstrap (C:\repos\craft-fusion\apps\craft-nest\src\main.ts:23:13)
    at processTicksAndRejections (node:internal/process/task_queues:95:5)
You have triggered an unhandledRejection, you may have forgotten to catch a Promise rejection:
Error: ENOENT: no such file or directory, open 'C:\etc\letsencrypt\live\jeffreysanford.us\privkey.pem'
    at Object.openSync (node:fs:573:18)
    at Object.readFileSync (node:fs:452:35)
    at bootstrap (C:\repos\craft-fusion\apps\craft-nest\src\main.ts:23:13)
    at processTicksAndRejections (node:internal/process/task_queues:95:5)
You have triggered an unhandledRejection, you may have forgotten to catch a Promise rejection:
Error: ENOENT: no such file or directory, open 'C:\etc\letsencrypt\live\jeffreysanford.us\privkey.pem'
    at Object.openSync (node:fs:573:18)
    at Object.readFileSync (node:fs:452:35)
    at bootstrap (C:\repos\craft-fusion\apps\craft-nest\src\main.ts:23:13)
    at processTicksAndRejections (node:internal/process/task_queues:95:5)
You have triggered an unhandledRejection, you may have forgotten to catch a Promise rejection:
Error: ENOENT: no such file or directory, open 'C:\etc\letsencrypt\live\jeffreysanford.us\privkey.pem'
    at Object.openSync (node:fs:573:18)
    at Object.readFileSync (node:fs:452:35)
    at bootstrap (C:\repos\craft-fusion\apps\craft-nest\src\main.ts:23:13)
    at processTicksAndRejections (node:internal/process/task_queues:95:5)
You have triggered an unhandledRejection, you may have forgotten to catch a Promise rejection:
Error: ENOENT: no such file or directory, open 'C:\etc\letsencrypt\live\jeffreysanford.us\privkey.pem'
    at Object.openSync (node:fs:573:18)
    at Object.readFileSync (node:fs:452:35)
    at bootstrap (C:\repos\craft-fusion\apps\craft-nest\src\main.ts:23:13)
    at processTicksAndRejections (node:internal/process/task_queues:95:5)
You have triggered an unhandledRejection, you may have forgotten to catch a Promise rejection:
Error: ENOENT: no such file or directory, open 'C:\etc\letsencrypt\live\jeffreysanford.us\privkey.pem'
    at Object.openSync (node:fs:573:18)
    at Object.readFileSync (node:fs:452:35)
    at bootstrap (C:\repos\craft-fusion\apps\craft-nest\src\main.ts:23:13)
    at processTicksAndRejections (node:internal/process/task_queues:95:5)
You have triggered an unhandledRejection, you may have forgotten to catch a Promise rejection:
Error: ENOENT: no such file or directory, open 'C:\etc\letsencrypt\live\jeffreysanford.us\privkey.pem'
    at Object.openSync (node:fs:573:18)
    at Object.readFileSync (node:fs:452:35)
    at bootstrap (C:\repos\craft-fusion\apps\craft-nest\src\main.ts:23:13)
    at processTicksAndRejections (node:internal/process/task_queues:95:5)
You have triggered an unhandledRejection, you may have forgotten to catch a Promise rejection:
Error: ENOENT: no such file or directory, open 'C:\etc\letsencrypt\live\jeffreysanford.us\privkey.pem'
    at Object.openSync (node:fs:573:18)
    at Object.readFileSync (node:fs:452:35)
    at bootstrap (C:\repos\craft-fusion\apps\craft-nest\src\main.ts:23:13)
    at processTicksAndRejections (node:internal/process/task_queues:95:5)
You have triggered an unhandledRejection, you may have forgotten to catch a Promise rejection:
Error: ENOENT: no such file or directory, open 'C:\etc\letsencrypt\live\jeffreysanford.us\privkey.pem'
    at Object.openSync (node:fs:573:18)
    at Object.readFileSync (node:fs:452:35)
    at bootstrap (C:\repos\craft-fusion\apps\craft-nest\src\main.ts:23:13)
    at processTicksAndRejections (node:internal/process/task_queues:95:5)
You have triggered an unhandledRejection, you may have forgotten to catch a Promise rejection:
Error: ENOENT: no such file or directory, open 'C:\etc\letsencrypt\live\jeffreysanford.us\privkey.pem'
    at Object.openSync (node:fs:573:18)
    at Object.readFileSync (node:fs:452:35)
    at bootstrap (C:\repos\craft-fusion\apps\craft-nest\src\main.ts:23:13)
    at processTicksAndRejections (node:internal/process/task_queues:95:5)
You have triggered an unhandledRejection, you may have forgotten to catch a Promise rejection:
Error: ENOENT: no such file or directory, open 'C:\etc\letsencrypt\live\jeffreysanford.us\privkey.pem'
    at Object.openSync (node:fs:573:18)
    at Object.readFileSync (node:fs:452:35)
    at bootstrap (C:\repos\craft-fusion\apps\craft-nest\src\main.ts:23:13)
    at processTicksAndRejections (node:internal/process/task_queues:95:5)
You have triggered an unhandledRejection, you may have forgotten to catch a Promise rejection:
Error: ENOENT: no such file or directory, open 'C:\etc\letsencrypt\live\jeffreysanford.us\privkey.pem'
    at Object.openSync (node:fs:573:18)
    at Object.readFileSync (node:fs:452:35)
    at bootstrap (C:\repos\craft-fusion\apps\craft-nest\src\main.ts:23:13)
    at processTicksAndRejections (node:internal/process/task_queues:95:5)
You have triggered an unhandledRejection, you may have forgotten to catch a Promise rejection:
Error: ENOENT: no such file or directory, open 'C:\etc\letsencrypt\live\jeffreysanford.us\privkey.pem'
    at Object.openSync (node:fs:573:18)
    at Object.readFileSync (node:fs:452:35)
    at bootstrap (C:\repos\craft-fusion\apps\craft-nest\src\main.ts:23:13)
    at processTicksAndRejections (node:internal/process/task_queues:95:5)
You have triggered an unhandledRejection, you may have forgotten to catch a Promise rejection:
Error: ENOENT: no such file or directory, open 'C:\etc\letsencrypt\live\jeffreysanford.us\privkey.pem'
    at Object.openSync (node:fs:573:18)
    at Object.readFileSync (node:fs:452:35)
    at bootstrap (C:\repos\craft-fusion\apps\craft-nest\src\main.ts:23:13)
    at processTicksAndRejections (node:internal/process/task_queues:95:5)
You have triggered an unhandledRejection, you may have forgotten to catch a Promise rejection:
Error: ENOENT: no such file or directory, open 'C:\etc\letsencrypt\live\jeffreysanford.us\privkey.pem'
    at Object.openSync (node:fs:573:18)
    at Object.readFileSync (node:fs:452:35)
    at bootstrap (C:\repos\craft-fusion\apps\craft-nest\src\main.ts:23:13)
    at processTicksAndRejections (node:internal/process/task_queues:95:5)
You have triggered an unhandledRejection, you may have forgotten to catch a Promise rejection:
Error: ENOENT: no such file or directory, open 'C:\etc\letsencrypt\live\jeffreysanford.us\privkey.pem'
    at Object.openSync (node:fs:573:18)
    at Object.readFileSync (node:fs:452:35)
    at bootstrap (C:\repos\craft-fusion\apps\craft-nest\src\main.ts:23:13)
    at processTicksAndRejections (node:internal/process/task_queues:95:5)
You have triggered an unhandledRejection, you may have forgotten to catch a Promise rejection:
Error: ENOENT: no such file or directory, open 'C:\etc\letsencrypt\live\jeffreysanford.us\privkey.pem'
    at Object.openSync (node:fs:573:18)
    at Object.readFileSync (node:fs:452:35)
    at bootstrap (C:\repos\craft-fusion\apps\craft-nest\src\main.ts:23:13)
    at processTicksAndRejections (node:internal/process/task_queues:95:5)
You have triggered an unhandledRejection, you may have forgotten to catch a Promise rejection:
Error: ENOENT: no such file or directory, open 'C:\etc\letsencrypt\live\jeffreysanford.us\privkey.pem'
    at Object.openSync (node:fs:573:18)
    at Object.readFileSync (node:fs:452:35)
    at bootstrap (C:\repos\craft-fusion\apps\craft-nest\src\main.ts:23:13)
    at processTicksAndRejections (node:internal/process/task_queues:95:5)
You have triggered an unhandledRejection, you may have forgotten to catch a Promise rejection:
Error: ENOENT: no such file or directory, open 'C:\etc\letsencrypt\live\jeffreysanford.us\privkey.pem'
    at Object.openSync (node:fs:573:18)
    at Object.readFileSync (node:fs:452:35)
    at bootstrap (C:\repos\craft-fusion\apps\craft-nest\src\main.ts:23:13)
    at processTicksAndRejections (node:internal/process/task_queues:95:5)
You have triggered an unhandledRejection, you may have forgotten to catch a Promise rejection:
Error: ENOENT: no such file or directory, open 'C:\etc\letsencrypt\live\jeffreysanford.us\privkey.pem'
    at Object.openSync (node:fs:573:18)
    at Object.readFileSync (node:fs:452:35)
    at bootstrap (C:\repos\craft-fusion\apps\craft-nest\src\main.ts:23:13)
    at processTicksAndRejections (node:internal/process/task_queues:95:5)
You have triggered an unhandledRejection, you may have forgotten to catch a Promise rejection:
Error: ENOENT: no such file or directory, open 'C:\etc\letsencrypt\live\jeffreysanford.us\privkey.pem'
    at Object.openSync (node:fs:573:18)
    at Object.readFileSync (node:fs:452:35)
    at bootstrap (C:\repos\craft-fusion\apps\craft-nest\src\main.ts:23:13)
    at processTicksAndRejections (node:internal/process/task_queues:95:5)
You have triggered an unhandledRejection, you may have forgotten to catch a Promise rejection:
Error: ENOENT: no such file or directory, open 'C:\etc\letsencrypt\live\jeffreysanford.us\privkey.pem'
    at Object.openSync (node:fs:573:18)
    at Object.readFileSync (node:fs:452:35)
    at bootstrap (C:\repos\craft-fusion\apps\craft-nest\src\main.ts:23:13)
    at processTicksAndRejections (node:internal/process/task_queues:95:5)
You have triggered an unhandledRejection, you may have forgotten to catch a Promise rejection:
Error: ENOENT: no such file or directory, open 'C:\etc\letsencrypt\live\jeffreysanford.us\privkey.pem'
    at Object.openSync (node:fs:573:18)
    at Object.readFileSync (node:fs:452:35)
    at bootstrap (C:\repos\craft-fusion\apps\craft-nest\src\main.ts:23:13)
    at processTicksAndRejections (node:internal/process/task_queues:95:5)
You have triggered an unhandledRejection, you may have forgotten to catch a Promise rejection:
Error: ENOENT: no such file or directory, open 'C:\etc\letsencrypt\live\jeffreysanford.us\privkey.pem'
    at Object.openSync (node:fs:573:18)
    at Object.readFileSync (node:fs:452:35)
    at bootstrap (C:\repos\craft-fusion\apps\craft-nest\src\main.ts:23:13)
    at processTicksAndRejections (node:internal/process/task_queues:95:5)
You have triggered an unhandledRejection, you may have forgotten to catch a Promise rejection:
Error: ENOENT: no such file or directory, open 'C:\etc\letsencrypt\live\jeffreysanford.us\privkey.pem'
    at Object.openSync (node:fs:573:18)
    at Object.readFileSync (node:fs:452:35)
    at bootstrap (C:\repos\craft-fusion\apps\craft-nest\src\main.ts:23:13)
    at processTicksAndRejections (node:internal/process/task_queues:95:5)
You have triggered an unhandledRejection, you may have forgotten to catch a Promise rejection:
Error: ENOENT: no such file or directory, open 'C:\etc\letsencrypt\live\jeffreysanford.us\privkey.pem'
    at Object.openSync (node:fs:573:18)
    at Object.readFileSync (node:fs:452:35)
    at bootstrap (C:\repos\craft-fusion\apps\craft-nest\src\main.ts:23:13)
    at processTicksAndRejections (node:internal/process/task_queues:95:5)
You have triggered an unhandledRejection, you may have forgotten to catch a Promise rejection:
Error: ENOENT: no such file or directory, open 'C:\etc\letsencrypt\live\jeffreysanford.us\privkey.pem'
    at Object.openSync (node:fs:573:18)
    at Object.readFileSync (node:fs:452:35)
    at bootstrap (C:\repos\craft-fusion\apps\craft-nest\src\main.ts:23:13)
    at processTicksAndRejections (node:internal/process/task_queues:95:5)
You have triggered an unhandledRejection, you may have forgotten to catch a Promise rejection:
Error: ENOENT: no such file or directory, open 'C:\etc\letsencrypt\live\jeffreysanford.us\privkey.pem'
    at Object.openSync (node:fs:573:18)
    at Object.readFileSync (node:fs:452:35)
    at bootstrap (C:\repos\craft-fusion\apps\craft-nest\src\main.ts:23:13)
    at processTicksAndRejections (node:internal/process/task_queues:95:5)
You have triggered an unhandledRejection, you may have forgotten to catch a Promise rejection:
Error: ENOENT: no such file or directory, open 'C:\etc\letsencrypt\live\jeffreysanford.us\privkey.pem'
    at Object.openSync (node:fs:573:18)
    at Object.readFileSync (node:fs:452:35)
    at bootstrap (C:\repos\craft-fusion\apps\craft-nest\src\main.ts:23:13)
    at processTicksAndRejections (node:internal/process/task_queues:95:5)
You have triggered an unhandledRejection, you may have forgotten to catch a Promise rejection:
Error: ENOENT: no such file or directory, open 'C:\etc\letsencrypt\live\jeffreysanford.us\privkey.pem'
    at Object.openSync (node:fs:573:18)
    at Object.readFileSync (node:fs:452:35)
    at bootstrap (C:\repos\craft-fusion\apps\craft-nest\src\main.ts:23:13)
    at processTicksAndRejections (node:internal/process/task_queues:95:5)
You have triggered an unhandledRejection, you may have forgotten to catch a Promise rejection:
Error: ENOENT: no such file or directory, open 'C:\etc\letsencrypt\live\jeffreysanford.us\privkey.pem'
    at Object.openSync (node:fs:573:18)
    at Object.readFileSync (node:fs:452:35)
    at bootstrap (C:\repos\craft-fusion\apps\craft-nest\src\main.ts:23:13)
    at processTicksAndRejections (node:internal/process/task_queues:95:5)
You have triggered an unhandledRejection, you may have forgotten to catch a Promise rejection:
Error: ENOENT: no such file or directory, open 'C:\etc\letsencrypt\live\jeffreysanford.us\privkey.pem'
    at Object.openSync (node:fs:573:18)
    at Object.readFileSync (node:fs:452:35)
    at bootstrap (C:\repos\craft-fusion\apps\craft-nest\src\main.ts:23:13)
    at processTicksAndRejections (node:internal/process/task_queues:95:5)
You have triggered an unhandledRejection, you may have forgotten to catch a Promise rejection:
Error: ENOENT: no such file or directory, open 'C:\etc\letsencrypt\live\jeffreysanford.us\privkey.pem'
    at Object.openSync (node:fs:573:18)
    at Object.readFileSync (node:fs:452:35)
    at bootstrap (C:\repos\craft-fusion\apps\craft-nest\src\main.ts:23:13)
    at processTicksAndRejections (node:internal/process/task_queues:95:5)
You have triggered an unhandledRejection, you may have forgotten to catch a Promise rejection:
Error: ENOENT: no such file or directory, open 'C:\etc\letsencrypt\live\jeffreysanford.us\privkey.pem'
    at Object.openSync (node:fs:573:18)
    at Object.readFileSync (node:fs:452:35)
    at bootstrap (C:\repos\craft-fusion\apps\craft-nest\src\main.ts:23:13)
    at processTicksAndRejections (node:internal/process/task_queues:95:5)
You have triggered an unhandledRejection, you may have forgotten to catch a Promise rejection:
Error: ENOENT: no such file or directory, open 'C:\etc\letsencrypt\live\jeffreysanford.us\privkey.pem'
    at Object.openSync (node:fs:573:18)
    at Object.readFileSync (node:fs:452:35)
    at bootstrap (C:\repos\craft-fusion\apps\craft-nest\src\main.ts:23:13)
    at processTicksAndRejections (node:internal/process/task_queues:95:5)
You have triggered an unhandledRejection, you may have forgotten to catch a Promise rejection:
Error: ENOENT: no such file or directory, open 'C:\etc\letsencrypt\live\jeffreysanford.us\privkey.pem'
    at Object.openSync (node:fs:573:18)
    at Object.readFileSync (node:fs:452:35)
    at bootstrap (C:\repos\craft-fusion\apps\craft-nest\src\main.ts:23:13)
    at processTicksAndRejections (node:internal/process/task_queues:95:5)
You have triggered an unhandledRejection, you may have forgotten to catch a Promise rejection:
Error: ENOENT: no such file or directory, open 'C:\etc\letsencrypt\live\jeffreysanford.us\privkey.pem'
    at Object.openSync (node:fs:573:18)
    at Object.readFileSync (node:fs:452:35)
    at bootstrap (C:\repos\craft-fusion\apps\craft-nest\src\main.ts:23:13)
    at processTicksAndRejections (node:internal/process/task_queues:95:5)
You have triggered an unhandledRejection, you may have forgotten to catch a Promise rejection:
Error: ENOENT: no such file or directory, open 'C:\etc\letsencrypt\live\jeffreysanford.us\privkey.pem'
    at Object.openSync (node:fs:573:18)
    at Object.readFileSync (node:fs:452:35)
    at bootstrap (C:\repos\craft-fusion\apps\craft-nest\src\main.ts:23:13)
    at processTicksAndRejections (node:internal/process/task_queues:95:5)
You have triggered an unhandledRejection, you may have forgotten to catch a Promise rejection:
Error: ENOENT: no such file or directory, open 'C:\etc\letsencrypt\live\jeffreysanford.us\privkey.pem'
    at Object.openSync (node:fs:573:18)
    at Object.readFileSync (node:fs:452:35)
    at bootstrap (C:\repos\craft-fusion\apps\craft-nest\src\main.ts:23:13)
    at processTicksAndRejections (node:internal/process/task_queues:95:5)
You have triggered an unhandledRejection, you may have forgotten to catch a Promise rejection:
Error: ENOENT: no such file or directory, open 'C:\etc\letsencrypt\live\jeffreysanford.us\privkey.pem'
    at Object.openSync (node:fs:573:18)
    at Object.readFileSync (node:fs:452:35)
    at bootstrap (C:\repos\craft-fusion\apps\craft-nest\src\main.ts:23:13)
    at processTicksAndRejections (node:internal/process/task_queues:95:5)
2025-01-05T08:13:36: Error: ENOENT: no such file or directory, open 'C:\etc\letsencrypt\live\jeffreysanford.us\privkey.pem'
2025-01-05T08:13:36:     at Object.openSync (node:fs:573:18)
2025-01-05T08:13:36:     at Object.readFileSync (node:fs:452:35)
2025-01-05T08:13:36:     at bootstrap (C:\repos\craft-fusion\apps\craft-nest\src\main.ts:23:13)
2025-01-05T08:13:36:     at processTicksAndRejections (node:internal/process/task_queues:95:5) {
2025-01-05T08:13:36:   errno: -4058,
2025-01-05T08:13:36:   code: 'ENOENT',
2025-01-05T08:13:36:   syscall: 'open',
2025-01-05T08:13:36:   path: 'C:\\etc\\letsencrypt\\live\\jeffreysanford.us\\privkey.pem'
2025-01-05T08:13:36: }
2025-01-05T08:13:39: Error: ENOENT: no such file or directory, open 'C:\etc\letsencrypt\live\jeffreysanford.us\privkey.pem'
2025-01-05T08:13:39:     at Object.openSync (node:fs:573:18)
2025-01-05T08:13:39:     at Object.readFileSync (node:fs:452:35)
2025-01-05T08:13:39:     at bootstrap (C:\repos\craft-fusion\apps\craft-nest\src\main.ts:23:13)
2025-01-05T08:13:39:     at processTicksAndRejections (node:internal/process/task_queues:95:5) {
2025-01-05T08:13:39:   errno: -4058,
2025-01-05T08:13:39:   code: 'ENOENT',
2025-01-05T08:13:39:   syscall: 'open',
2025-01-05T08:13:39:   path: 'C:\\etc\\letsencrypt\\live\\jeffreysanford.us\\privkey.pem'
2025-01-05T08:13:39: }
2025-01-05T08:13:42: Error: ENOENT: no such file or directory, open 'C:\etc\letsencrypt\live\jeffreysanford.us\privkey.pem'
2025-01-05T08:13:42:     at Object.openSync (node:fs:573:18)
2025-01-05T08:13:42:     at Object.readFileSync (node:fs:452:35)
2025-01-05T08:13:42:     at bootstrap (C:\repos\craft-fusion\apps\craft-nest\src\main.ts:23:13)
2025-01-05T08:13:42:     at processTicksAndRejections (node:internal/process/task_queues:95:5) {
2025-01-05T08:13:42:   errno: -4058,
2025-01-05T08:13:42:   code: 'ENOENT',
2025-01-05T08:13:42:   syscall: 'open',
2025-01-05T08:13:42:   path: 'C:\\etc\\letsencrypt\\live\\jeffreysanford.us\\privkey.pem'
2025-01-05T08:13:42: }
2025-01-05T08:13:45: Error: ENOENT: no such file or directory, open 'C:\etc\letsencrypt\live\jeffreysanford.us\privkey.pem'
2025-01-05T08:13:45:     at Object.openSync (node:fs:573:18)
2025-01-05T08:13:45:     at Object.readFileSync (node:fs:452:35)
2025-01-05T08:13:45:     at bootstrap (C:\repos\craft-fusion\apps\craft-nest\src\main.ts:23:13)
2025-01-05T08:13:45:     at processTicksAndRejections (node:internal/process/task_queues:95:5) {
2025-01-05T08:13:45:   errno: -4058,
2025-01-05T08:13:45:   code: 'ENOENT',
2025-01-05T08:13:45:   syscall: 'open',
2025-01-05T08:13:45:   path: 'C:\\etc\\letsencrypt\\live\\jeffreysanford.us\\privkey.pem'
2025-01-05T08:13:45: }
2025-01-05T08:13:48: Error: ENOENT: no such file or directory, open 'C:\etc\letsencrypt\live\jeffreysanford.us\privkey.pem'
2025-01-05T08:13:48:     at Object.openSync (node:fs:573:18)
2025-01-05T08:13:48:     at Object.readFileSync (node:fs:452:35)
2025-01-05T08:13:48:     at bootstrap (C:\repos\craft-fusion\apps\craft-nest\src\main.ts:23:13)
2025-01-05T08:13:48:     at processTicksAndRejections (node:internal/process/task_queues:95:5) {
2025-01-05T08:13:48:   errno: -4058,
2025-01-05T08:13:48:   code: 'ENOENT',
2025-01-05T08:13:48:   syscall: 'open',
2025-01-05T08:13:48:   path: 'C:\\etc\\letsencrypt\\live\\jeffreysanford.us\\privkey.pem'
2025-01-05T08:13:48: }
2025-01-05T08:13:51: Error: ENOENT: no such file or directory, open 'C:\etc\letsencrypt\live\jeffreysanford.us\privkey.pem'
2025-01-05T08:13:51:     at Object.openSync (node:fs:573:18)
2025-01-05T08:13:51:     at Object.readFileSync (node:fs:452:35)
2025-01-05T08:13:51:     at bootstrap (C:\repos\craft-fusion\apps\craft-nest\src\main.ts:23:13)
2025-01-05T08:13:51:     at processTicksAndRejections (node:internal/process/task_queues:95:5) {
2025-01-05T08:13:51:   errno: -4058,
2025-01-05T08:13:51:   code: 'ENOENT',
2025-01-05T08:13:51:   syscall: 'open',
2025-01-05T08:13:51:   path: 'C:\\etc\\letsencrypt\\live\\jeffreysanford.us\\privkey.pem'
2025-01-05T08:13:51: }
2025-01-05T08:13:55: Error: ENOENT: no such file or directory, open 'C:\etc\letsencrypt\live\jeffreysanford.us\privkey.pem'
2025-01-05T08:13:55:     at Object.openSync (node:fs:573:18)
2025-01-05T08:13:55:     at Object.readFileSync (node:fs:452:35)
2025-01-05T08:13:55:     at bootstrap (C:\repos\craft-fusion\apps\craft-nest\src\main.ts:23:13)
2025-01-05T08:13:55:     at processTicksAndRejections (node:internal/process/task_queues:95:5) {
2025-01-05T08:13:55:   errno: -4058,
2025-01-05T08:13:55:   code: 'ENOENT',
2025-01-05T08:13:55:   syscall: 'open',
2025-01-05T08:13:55:   path: 'C:\\etc\\letsencrypt\\live\\jeffreysanford.us\\privkey.pem'
2025-01-05T08:13:55: }
2025-01-05T08:13:58: Error: ENOENT: no such file or directory, open 'C:\etc\letsencrypt\live\jeffreysanford.us\privkey.pem'
2025-01-05T08:13:58:     at Object.openSync (node:fs:573:18)
2025-01-05T08:13:58:     at Object.readFileSync (node:fs:452:35)
2025-01-05T08:13:58:     at bootstrap (C:\repos\craft-fusion\apps\craft-nest\src\main.ts:23:13)
2025-01-05T08:13:58:     at processTicksAndRejections (node:internal/process/task_queues:95:5) {
2025-01-05T08:13:58:   errno: -4058,
2025-01-05T08:13:58:   code: 'ENOENT',
2025-01-05T08:13:58:   syscall: 'open',
2025-01-05T08:13:58:   path: 'C:\\etc\\letsencrypt\\live\\jeffreysanford.us\\privkey.pem'
2025-01-05T08:13:58: }
2025-01-05T08:14:01: Error: ENOENT: no such file or directory, open 'C:\etc\letsencrypt\live\jeffreysanford.us\privkey.pem'
2025-01-05T08:14:01:     at Object.openSync (node:fs:573:18)
2025-01-05T08:14:01:     at Object.readFileSync (node:fs:452:35)
2025-01-05T08:14:01:     at bootstrap (C:\repos\craft-fusion\apps\craft-nest\src\main.ts:23:13)
2025-01-05T08:14:01:     at processTicksAndRejections (node:internal/process/task_queues:95:5) {
2025-01-05T08:14:01:   errno: -4058,
2025-01-05T08:14:01:   code: 'ENOENT',
2025-01-05T08:14:01:   syscall: 'open',
2025-01-05T08:14:01:   path: 'C:\\etc\\letsencrypt\\live\\jeffreysanford.us\\privkey.pem'
2025-01-05T08:14:01: }
2025-01-05T08:14:04: Error: ENOENT: no such file or directory, open 'C:\etc\letsencrypt\live\jeffreysanford.us\privkey.pem'
2025-01-05T08:14:04:     at Object.openSync (node:fs:573:18)
2025-01-05T08:14:04:     at Object.readFileSync (node:fs:452:35)
2025-01-05T08:14:04:     at bootstrap (C:\repos\craft-fusion\apps\craft-nest\src\main.ts:23:13)
2025-01-05T08:14:04:     at processTicksAndRejections (node:internal/process/task_queues:95:5) {
2025-01-05T08:14:04:   errno: -4058,
2025-01-05T08:14:04:   code: 'ENOENT',
2025-01-05T08:14:04:   syscall: 'open',
2025-01-05T08:14:04:   path: 'C:\\etc\\letsencrypt\\live\\jeffreysanford.us\\privkey.pem'
2025-01-05T08:14:04: }
2025-01-05T08:14:07: Error: ENOENT: no such file or directory, open 'C:\etc\letsencrypt\live\jeffreysanford.us\privkey.pem'
2025-01-05T08:14:07:     at Object.openSync (node:fs:573:18)
2025-01-05T08:14:07:     at Object.readFileSync (node:fs:452:35)
2025-01-05T08:14:07:     at bootstrap (C:\repos\craft-fusion\apps\craft-nest\src\main.ts:23:13)
2025-01-05T08:14:07:     at processTicksAndRejections (node:internal/process/task_queues:95:5) {
2025-01-05T08:14:07:   errno: -4058,
2025-01-05T08:14:07:   code: 'ENOENT',
2025-01-05T08:14:07:   syscall: 'open',
2025-01-05T08:14:07:   path: 'C:\\etc\\letsencrypt\\live\\jeffreysanford.us\\privkey.pem'
2025-01-05T08:14:07: }
2025-01-05T08:14:10: Error: ENOENT: no such file or directory, open 'C:\etc\letsencrypt\live\jeffreysanford.us\privkey.pem'
2025-01-05T08:14:10:     at Object.openSync (node:fs:573:18)
2025-01-05T08:14:10:     at Object.readFileSync (node:fs:452:35)
2025-01-05T08:14:10:     at bootstrap (C:\repos\craft-fusion\apps\craft-nest\src\main.ts:23:13)
2025-01-05T08:14:10:     at processTicksAndRejections (node:internal/process/task_queues:95:5) {
2025-01-05T08:14:10:   errno: -4058,
2025-01-05T08:14:10:   code: 'ENOENT',
2025-01-05T08:14:10:   syscall: 'open',
2025-01-05T08:14:10:   path: 'C:\\etc\\letsencrypt\\live\\jeffreysanford.us\\privkey.pem'
2025-01-05T08:14:10: }
2025-01-05T08:14:13: Error: ENOENT: no such file or directory, open 'C:\etc\letsencrypt\live\jeffreysanford.us\privkey.pem'
2025-01-05T08:14:13:     at Object.openSync (node:fs:573:18)
2025-01-05T08:14:13:     at Object.readFileSync (node:fs:452:35)
2025-01-05T08:14:13:     at bootstrap (C:\repos\craft-fusion\apps\craft-nest\src\main.ts:23:13)
2025-01-05T08:14:13:     at processTicksAndRejections (node:internal/process/task_queues:95:5) {
2025-01-05T08:14:13:   errno: -4058,
2025-01-05T08:14:13:   code: 'ENOENT',
2025-01-05T08:14:13:   syscall: 'open',
2025-01-05T08:14:13:   path: 'C:\\etc\\letsencrypt\\live\\jeffreysanford.us\\privkey.pem'
2025-01-05T08:14:13: }
2025-01-05T08:14:16: Error: ENOENT: no such file or directory, open 'C:\etc\letsencrypt\live\jeffreysanford.us\privkey.pem'
2025-01-05T08:14:16:     at Object.openSync (node:fs:573:18)
2025-01-05T08:14:16:     at Object.readFileSync (node:fs:452:35)
2025-01-05T08:14:16:     at bootstrap (C:\repos\craft-fusion\apps\craft-nest\src\main.ts:23:13)
2025-01-05T08:14:16:     at processTicksAndRejections (node:internal/process/task_queues:95:5) {
2025-01-05T08:14:16:   errno: -4058,
2025-01-05T08:14:16:   code: 'ENOENT',
2025-01-05T08:14:16:   syscall: 'open',
2025-01-05T08:14:16:   path: 'C:\\etc\\letsencrypt\\live\\jeffreysanford.us\\privkey.pem'
2025-01-05T08:14:16: }
2025-01-05T08:14:19: Error: ENOENT: no such file or directory, open 'C:\etc\letsencrypt\live\jeffreysanford.us\privkey.pem'
2025-01-05T08:14:19:     at Object.openSync (node:fs:573:18)
2025-01-05T08:14:19:     at Object.readFileSync (node:fs:452:35)
2025-01-05T08:14:19:     at bootstrap (C:\repos\craft-fusion\apps\craft-nest\src\main.ts:23:13)
2025-01-05T08:14:19:     at processTicksAndRejections (node:internal/process/task_queues:95:5) {
2025-01-05T08:14:19:   errno: -4058,
2025-01-05T08:14:19:   code: 'ENOENT',
2025-01-05T08:14:19:   syscall: 'open',
2025-01-05T08:14:19:   path: 'C:\\etc\\letsencrypt\\live\\jeffreysanford.us\\privkey.pem'
2025-01-05T08:14:19: }
2025-01-05T08:14:22: Error: ENOENT: no such file or directory, open 'C:\etc\letsencrypt\live\jeffreysanford.us\privkey.pem'
2025-01-05T08:14:22:     at Object.openSync (node:fs:573:18)
2025-01-05T08:14:22:     at Object.readFileSync (node:fs:452:35)
2025-01-05T08:14:22:     at bootstrap (C:\repos\craft-fusion\apps\craft-nest\src\main.ts:23:13)
2025-01-05T08:14:22:     at processTicksAndRejections (node:internal/process/task_queues:95:5) {
2025-01-05T08:14:22:   errno: -4058,
2025-01-05T08:14:22:   code: 'ENOENT',
2025-01-05T08:14:22:   syscall: 'open',
2025-01-05T08:14:22:   path: 'C:\\etc\\letsencrypt\\live\\jeffreysanford.us\\privkey.pem'
2025-01-05T08:14:22: }
2025-01-05T08:14:26: Error: ENOENT: no such file or directory, open 'C:\etc\letsencrypt\live\jeffreysanford.us\privkey.pem'
2025-01-05T08:14:26:     at Object.openSync (node:fs:573:18)
2025-01-05T08:14:26:     at Object.readFileSync (node:fs:452:35)
2025-01-05T08:14:26:     at bootstrap (C:\repos\craft-fusion\apps\craft-nest\src\main.ts:23:13)
2025-01-05T08:14:26:     at processTicksAndRejections (node:internal/process/task_queues:95:5) {
2025-01-05T08:14:26:   errno: -4058,
2025-01-05T08:14:26:   code: 'ENOENT',
2025-01-05T08:14:26:   syscall: 'open',
2025-01-05T08:14:26:   path: 'C:\\etc\\letsencrypt\\live\\jeffreysanford.us\\privkey.pem'
2025-01-05T08:14:26: }
2025-01-05T08:14:29: Error: ENOENT: no such file or directory, open 'C:\etc\letsencrypt\live\jeffreysanford.us\privkey.pem'
2025-01-05T08:14:29:     at Object.openSync (node:fs:573:18)
2025-01-05T08:14:29:     at Object.readFileSync (node:fs:452:35)
2025-01-05T08:14:29:     at bootstrap (C:\repos\craft-fusion\apps\craft-nest\src\main.ts:23:13)
2025-01-05T08:14:29:     at processTicksAndRejections (node:internal/process/task_queues:95:5) {
2025-01-05T08:14:29:   errno: -4058,
2025-01-05T08:14:29:   code: 'ENOENT',
2025-01-05T08:14:29:   syscall: 'open',
2025-01-05T08:14:29:   path: 'C:\\etc\\letsencrypt\\live\\jeffreysanford.us\\privkey.pem'
2025-01-05T08:14:29: }
2025-01-05T08:14:32: Error: ENOENT: no such file or directory, open 'C:\etc\letsencrypt\live\jeffreysanford.us\privkey.pem'
2025-01-05T08:14:32:     at Object.openSync (node:fs:573:18)
2025-01-05T08:14:32:     at Object.readFileSync (node:fs:452:35)
2025-01-05T08:14:32:     at bootstrap (C:\repos\craft-fusion\apps\craft-nest\src\main.ts:23:13)
2025-01-05T08:14:32:     at processTicksAndRejections (node:internal/process/task_queues:95:5) {
2025-01-05T08:14:32:   errno: -4058,
2025-01-05T08:14:32:   code: 'ENOENT',
2025-01-05T08:14:32:   syscall: 'open',
2025-01-05T08:14:32:   path: 'C:\\etc\\letsencrypt\\live\\jeffreysanford.us\\privkey.pem'
2025-01-05T08:14:32: }
2025-01-05T08:14:36: Error: ENOENT: no such file or directory, open 'C:\etc\letsencrypt\live\jeffreysanford.us\privkey.pem'
2025-01-05T08:14:36:     at Object.openSync (node:fs:573:18)
2025-01-05T08:14:36:     at Object.readFileSync (node:fs:452:35)
2025-01-05T08:14:36:     at bootstrap (C:\repos\craft-fusion\apps\craft-nest\src\main.ts:23:13)
2025-01-05T08:14:36:     at processTicksAndRejections (node:internal/process/task_queues:95:5) {
2025-01-05T08:14:36:   errno: -4058,
2025-01-05T08:14:36:   code: 'ENOENT',
2025-01-05T08:14:36:   syscall: 'open',
2025-01-05T08:14:36:   path: 'C:\\etc\\letsencrypt\\live\\jeffreysanford.us\\privkey.pem'
2025-01-05T08:14:36: }
2025-01-05T08:14:39: Error: ENOENT: no such file or directory, open 'C:\etc\letsencrypt\live\jeffreysanford.us\privkey.pem'
2025-01-05T08:14:39:     at Object.openSync (node:fs:573:18)
2025-01-05T08:14:39:     at Object.readFileSync (node:fs:452:35)
2025-01-05T08:14:39:     at bootstrap (C:\repos\craft-fusion\apps\craft-nest\src\main.ts:23:13)
2025-01-05T08:14:39:     at processTicksAndRejections (node:internal/process/task_queues:95:5) {
2025-01-05T08:14:39:   errno: -4058,
2025-01-05T08:14:39:   code: 'ENOENT',
2025-01-05T08:14:39:   syscall: 'open',
2025-01-05T08:14:39:   path: 'C:\\etc\\letsencrypt\\live\\jeffreysanford.us\\privkey.pem'
2025-01-05T08:14:39: }
2025-01-05T08:14:42: Error: ENOENT: no such file or directory, open 'C:\etc\letsencrypt\live\jeffreysanford.us\privkey.pem'
2025-01-05T08:14:42:     at Object.openSync (node:fs:573:18)
2025-01-05T08:14:42:     at Object.readFileSync (node:fs:452:35)
2025-01-05T08:14:42:     at bootstrap (C:\repos\craft-fusion\apps\craft-nest\src\main.ts:23:13)
2025-01-05T08:14:42:     at processTicksAndRejections (node:internal/process/task_queues:95:5) {
2025-01-05T08:14:42:   errno: -4058,
2025-01-05T08:14:42:   code: 'ENOENT',
2025-01-05T08:14:42:   syscall: 'open',
2025-01-05T08:14:42:   path: 'C:\\etc\\letsencrypt\\live\\jeffreysanford.us\\privkey.pem'
2025-01-05T08:14:42: }
2025-01-05T08:14:46: Error: ENOENT: no such file or directory, open 'C:\etc\letsencrypt\live\jeffreysanford.us\privkey.pem'
2025-01-05T08:14:46:     at Object.openSync (node:fs:573:18)
2025-01-05T08:14:46:     at Object.readFileSync (node:fs:452:35)
2025-01-05T08:14:46:     at bootstrap (C:\repos\craft-fusion\apps\craft-nest\src\main.ts:23:13)
2025-01-05T08:14:46:     at processTicksAndRejections (node:internal/process/task_queues:95:5) {
2025-01-05T08:14:46:   errno: -4058,
2025-01-05T08:14:46:   code: 'ENOENT',
2025-01-05T08:14:46:   syscall: 'open',
2025-01-05T08:14:46:   path: 'C:\\etc\\letsencrypt\\live\\jeffreysanford.us\\privkey.pem'
2025-01-05T08:14:46: }
2025-01-05T08:14:49: Error: ENOENT: no such file or directory, open 'C:\etc\letsencrypt\live\jeffreysanford.us\privkey.pem'
2025-01-05T08:14:49:     at Object.openSync (node:fs:573:18)
2025-01-05T08:14:49:     at Object.readFileSync (node:fs:452:35)
2025-01-05T08:14:49:     at bootstrap (C:\repos\craft-fusion\apps\craft-nest\src\main.ts:23:13)
2025-01-05T08:14:49:     at processTicksAndRejections (node:internal/process/task_queues:95:5) {
2025-01-05T08:14:49:   errno: -4058,
2025-01-05T08:14:49:   code: 'ENOENT',
2025-01-05T08:14:49:   syscall: 'open',
2025-01-05T08:14:49:   path: 'C:\\etc\\letsencrypt\\live\\jeffreysanford.us\\privkey.pem'
2025-01-05T08:14:49: }
2025-01-05T08:14:52: Error: ENOENT: no such file or directory, open 'C:\etc\letsencrypt\live\jeffreysanford.us\privkey.pem'
2025-01-05T08:14:52:     at Object.openSync (node:fs:573:18)
2025-01-05T08:14:52:     at Object.readFileSync (node:fs:452:35)
2025-01-05T08:14:52:     at bootstrap (C:\repos\craft-fusion\apps\craft-nest\src\main.ts:23:13)
2025-01-05T08:14:52:     at processTicksAndRejections (node:internal/process/task_queues:95:5) {
2025-01-05T08:14:52:   errno: -4058,
2025-01-05T08:14:52:   code: 'ENOENT',
2025-01-05T08:14:52:   syscall: 'open',
2025-01-05T08:14:52:   path: 'C:\\etc\\letsencrypt\\live\\jeffreysanford.us\\privkey.pem'
2025-01-05T08:14:52: }
2025-01-05T08:14:55: Error: ENOENT: no such file or directory, open 'C:\etc\letsencrypt\live\jeffreysanford.us\privkey.pem'
2025-01-05T08:14:55:     at Object.openSync (node:fs:573:18)
2025-01-05T08:14:55:     at Object.readFileSync (node:fs:452:35)
2025-01-05T08:14:55:     at bootstrap (C:\repos\craft-fusion\apps\craft-nest\src\main.ts:23:13)
2025-01-05T08:14:55:     at processTicksAndRejections (node:internal/process/task_queues:95:5) {
2025-01-05T08:14:55:   errno: -4058,
2025-01-05T08:14:55:   code: 'ENOENT',
2025-01-05T08:14:55:   syscall: 'open',
2025-01-05T08:14:55:   path: 'C:\\etc\\letsencrypt\\live\\jeffreysanford.us\\privkey.pem'
2025-01-05T08:14:55: }
2025-01-05T08:17:55: [31m[Nest] 31360  - [39m01/05/2025, 8:17:55 AM [31m  ERROR[39m [38;5;3m[NestApplication] [39m[31mError: listen EADDRINUSE: address already in use ::1:3000[39m[38;5;3m +13ms[39m
2025-01-05T08:17:55: Error: listen EADDRINUSE: address already in use ::1:3000
2025-01-05T08:17:55:     at Server.setupListenHandle [as _listen2] (node:net:1904:16)
2025-01-05T08:17:55:     at listenInCluster (node:net:1961:12)
2025-01-05T08:17:55:     at GetAddrInfoReqWrap.doListen (node:net:2135:7)
2025-01-05T08:17:55:     at GetAddrInfoReqWrap.onlookup [as oncomplete] (node:dns:111:8) {
2025-01-05T08:17:55:   code: 'EADDRINUSE',
2025-01-05T08:17:55:   errno: -4091,
2025-01-05T08:17:55:   syscall: 'listen',
2025-01-05T08:17:55:   address: '::1',
2025-01-05T08:17:55:   port: 3000
2025-01-05T08:17:55: }
2025-01-05T08:17:58: [31m[Nest] 31092  - [39m01/05/2025, 8:17:58 AM [31m  ERROR[39m [38;5;3m[NestApplication] [39m[31mError: listen EADDRINUSE: address already in use ::1:3000[39m[38;5;3m +13ms[39m
2025-01-05T08:17:58: Error: listen EADDRINUSE: address already in use ::1:3000
2025-01-05T08:17:58:     at Server.setupListenHandle [as _listen2] (node:net:1904:16)
2025-01-05T08:17:58:     at listenInCluster (node:net:1961:12)
2025-01-05T08:17:58:     at GetAddrInfoReqWrap.doListen (node:net:2135:7)
2025-01-05T08:17:58:     at GetAddrInfoReqWrap.onlookup [as oncomplete] (node:dns:111:8) {
2025-01-05T08:17:58:   code: 'EADDRINUSE',
2025-01-05T08:17:58:   errno: -4091,
2025-01-05T08:17:58:   syscall: 'listen',
2025-01-05T08:17:58:   address: '::1',
2025-01-05T08:17:58:   port: 3000
2025-01-05T08:17:58: }
2025-01-05T08:18:01: [31m[Nest] 32260  - [39m01/05/2025, 8:18:01 AM [31m  ERROR[39m [38;5;3m[NestApplication] [39m[31mError: listen EADDRINUSE: address already in use ::1:3000[39m[38;5;3m +12ms[39m
2025-01-05T08:18:01: Error: listen EADDRINUSE: address already in use ::1:3000
2025-01-05T08:18:01:     at Server.setupListenHandle [as _listen2] (node:net:1904:16)
2025-01-05T08:18:01:     at listenInCluster (node:net:1961:12)
2025-01-05T08:18:01:     at GetAddrInfoReqWrap.doListen (node:net:2135:7)
2025-01-05T08:18:01:     at GetAddrInfoReqWrap.onlookup [as oncomplete] (node:dns:111:8) {
2025-01-05T08:18:01:   code: 'EADDRINUSE',
2025-01-05T08:18:01:   errno: -4091,
2025-01-05T08:18:01:   syscall: 'listen',
2025-01-05T08:18:01:   address: '::1',
2025-01-05T08:18:01:   port: 3000
2025-01-05T08:18:01: }
2025-01-05T08:18:05: [31m[Nest] 26324  - [39m01/05/2025, 8:18:05 AM [31m  ERROR[39m [38;5;3m[NestApplication] [39m[31mError: listen EADDRINUSE: address already in use ::1:3000[39m[38;5;3m +14ms[39m
2025-01-05T08:18:05: Error: listen EADDRINUSE: address already in use ::1:3000
2025-01-05T08:18:05:     at Server.setupListenHandle [as _listen2] (node:net:1904:16)
2025-01-05T08:18:05:     at listenInCluster (node:net:1961:12)
2025-01-05T08:18:05:     at GetAddrInfoReqWrap.doListen (node:net:2135:7)
2025-01-05T08:18:05:     at GetAddrInfoReqWrap.onlookup [as oncomplete] (node:dns:111:8) {
2025-01-05T08:18:05:   code: 'EADDRINUSE',
2025-01-05T08:18:05:   errno: -4091,
2025-01-05T08:18:05:   syscall: 'listen',
2025-01-05T08:18:05:   address: '::1',
2025-01-05T08:18:05:   port: 3000
2025-01-05T08:18:05: }
2025-01-06T14:34:36: [31m[Nest] 25464  - [39m01/06/2025, 2:34:36 PM [31m  ERROR[39m [31mSSL files not found, running without HTTPS[39m
2025-01-06T14:47:43: [31m[Nest] 4476  - [39m01/06/2025, 2:47:43 PM [31m  ERROR[39m [31mSSL files not found, running without HTTPS[39m
2025-01-06T14:49:01: [31m[Nest] 10064  - [39m01/06/2025, 2:49:01 PM [31m  ERROR[39m [31mSSL files not found, running without HTTPS[39m
2025-01-06T14:50:14: [31m[Nest] 6664  - [39m01/06/2025, 2:50:14 PM [31m  ERROR[39m [31mSSL files not found, running without HTTPS[39m
2025-01-06T14:50:49: [31m[Nest] 26824  - [39m01/06/2025, 2:50:49 PM [31m  ERROR[39m [31mSSL files not found, running without HTTPS[39m
2025-01-06T14:51:19: [31m[Nest] 26132  - [39m01/06/2025, 2:51:19 PM [31m  ERROR[39m [31mSSL files not found, running without HTTPS[39m
2025-01-06T14:52:35: [31m[Nest] 15224  - [39m01/06/2025, 2:52:35 PM [31m  ERROR[39m [31mSSL files not found, running without HTTPS[39m
2025-01-06T14:54:40: [31m[Nest] 18092  - [39m01/06/2025, 2:54:40 PM [31m  ERROR[39m [31mSSL files not found, running without HTTPS[39m
