2025-01-06T15:28:28: 2025/01/06 15:28:28 Endpoint: GET http://localhost:4000/api-go/records
2025-01-06T15:28:28: 2025/01/06 15:28:28 Endpoint: GET http://localhost:4000/api-go/records/generate
2025-01-06T15:28:28: 2025/01/06 15:28:28 Endpoint: GET http://localhost:4000/api-go/records/time
2025-01-06T15:28:28: 2025/01/06 15:28:28 Endpoint: GET http://localhost:4000/api-go/records/:UID
2025-01-06T15:28:28: 2025/01/06 15:28:28 Endpoint: GET http://localhost:4000/api-go/health
2025-01-06T15:28:28: 2025/01/06 15:28:28 Endpoint: GET http://localhost:4000/api-go/swagger/*any
2025-01-06T15:28:28: 2025/01/06 15:28:28 Starting Go Backend on :4000
2025-01-06T15:29:41: 2025/01/06 15:29:41 100 records generated in: 73325 ms
2025-01-06T15:55:09: 2025/01/06 15:55:09 100 records generated in: 1601218 ms
2025-01-06T16:17:27: 2025/01/06 16:17:27 100 records generated in: 2939524 ms
2025-01-06T16:17:44: 2025/01/06 16:17:44 100 records generated in: 2956960 ms
2025-01-06T16:17:47: 2025/01/06 16:17:47 15000 records generated in: 2959363 ms
2025-01-06T16:17:59: 2025/01/06 16:17:59 100 records generated in: 2971143 ms
2025-01-06T16:18:01: 2025/01/06 16:18:01 1000 records generated in: 2973694 ms
2025-01-06T16:18:03: 2025/01/06 16:18:03 15000 records generated in: 2975753 ms
2025-01-06T16:18:06: 2025/01/06 16:18:06 100000 records generated in: 2978497 ms
2025-01-06T16:22:22: 2025/01/06 16:22:22 100 records generated in: 3234199 ms
2025-01-06T16:22:27: 2025/01/06 16:22:27 100 records generated in: 3239195 ms
2025-01-06T16:22:31: 2025/01/06 16:22:31 100000 records generated in: 3243372 ms
2025-01-06T18:41:52: 2025/01/06 18:41:52 Endpoint: GET http://localhost:4000/api-go/records
2025-01-06T18:41:52: 2025/01/06 18:41:52 Endpoint: GET http://localhost:4000/api-go/records/generate
2025-01-06T18:41:52: 2025/01/06 18:41:52 Endpoint: GET http://localhost:4000/api-go/records/time
2025-01-06T18:41:52: 2025/01/06 18:41:52 Endpoint: GET http://localhost:4000/api-go/records/:UID
2025-01-06T18:41:52: 2025/01/06 18:41:52 Endpoint: GET http://localhost:4000/api-go/health
2025-01-06T18:41:52: 2025/01/06 18:41:52 Endpoint: GET http://localhost:4000/api-go/swagger/*any
2025-01-06T18:41:52: 2025/01/06 18:41:52 Starting Go Backend on :4000
2025-01-06T18:45:05: 2025/01/06 18:45:05 Endpoint: GET http://localhost:4000/api-go/records
2025-01-06T18:45:05: 2025/01/06 18:45:05 Endpoint: GET http://localhost:4000/api-go/records/generate
2025-01-06T18:45:05: 2025/01/06 18:45:05 Endpoint: GET http://localhost:4000/api-go/records/time
2025-01-06T18:45:05: 2025/01/06 18:45:05 Endpoint: GET http://localhost:4000/api-go/records/:UID
2025-01-06T18:45:05: 2025/01/06 18:45:05 Endpoint: GET http://localhost:4000/api-go/health
2025-01-06T18:45:05: 2025/01/06 18:45:05 Endpoint: GET http://localhost:4000/api-go/swagger/*any
2025-01-06T18:45:05: 2025/01/06 18:45:05 Starting Go Backend on :4000
2025-01-07T04:26:30: 2025/01/07 04:26:30 100 records generated in: 34885211 ms
2025-01-07T04:26:36: 2025/01/07 04:26:36 100 records generated in: 34891226 ms
2025-01-07T04:26:41: 2025/01/07 04:26:41 100 records generated in: 34896326 ms
2025-01-07T04:26:44: 2025/01/07 04:26:44 1000 records generated in: 34899057 ms
2025-01-07T04:26:48: 2025/01/07 04:26:48 15000 records generated in: 34903411 ms
2025-01-07T04:26:51: 2025/01/07 04:26:51 100000 records generated in: 34906113 ms
2025-01-07T04:35:04: 2025/01/07 04:35:04 1000 records generated in: 35399185 ms
2025-01-07T04:35:07: 2025/01/07 04:35:07 15000 records generated in: 35402800 ms
2025-01-07T04:49:33: 2025/01/07 04:49:33 100 records generated in: 36268582 ms
