2025-01-06T15:28:28: [GIN-debug] [WARNING] Creating an Engine instance with the Logger and Recovery middleware already attached.
2025-01-06T15:28:28: 
2025-01-06T15:28:28: [GIN-debug] [WARNING] Running in "debug" mode. Switch to "release" mode in production.
2025-01-06T15:28:28:  - using env:	export GIN_MODE=release
2025-01-06T15:28:28:  - using code:	gin.SetMode(gin.ReleaseMode)
2025-01-06T15:28:28: 
2025-01-06T15:28:28: [GIN-debug] GET    /api-go/health            --> main.main.func2 (5 handlers)
2025-01-06T15:28:28: [GIN-debug] GET    /api-go/records           --> craft-fusion/craft-go/handlers.GetRecordsHandler (5 handlers)
2025-01-06T15:28:28: [GIN-debug] GET    /api-go/records/generate  --> craft-fusion/craft-go/handlers.GenerateRecordsHandler (5 handlers)
2025-01-06T15:28:28: [GIN-debug] GET    /api-go/records/time      --> craft-fusion/craft-go/handlers.GetCreationTimeHandler (5 handlers)
2025-01-06T15:28:28: [GIN-debug] GET    /api-go/records/:UID      --> craft-fusion/craft-go/handlers.GetRecordByUIDHandler (5 handlers)
2025-01-06T15:28:28: [GIN-debug] GET    /api-go/swagger/*any      --> github.com/swaggo/gin-swagger.CustomWrapHandler.func1 (5 handlers)
2025-01-06T15:29:41: [GIN] 2025/01/06 - 15:29:41 | 204 |            0s |             ::1 | OPTIONS  "/api-go/records/generate?count=100"
2025-01-06T15:29:41: [GIN] 2025/01/06 - 15:29:41 | 200 |      2.1058ms |             ::1 | GET      "/api-go/records/generate?count=100"
2025-01-06T15:29:41: [GIN] 2025/01/06 - 15:29:41 | 204 |            0s |             ::1 | OPTIONS  "/api-go/records/time"
2025-01-06T15:29:41: [GIN] 2025/01/06 - 15:29:41 | 200 |            0s |             ::1 | GET      "/api-go/records/time"
2025-01-06T15:55:09: [GIN] 2025/01/06 - 15:55:09 | 204 |            0s |             ::1 | OPTIONS  "/api-go/records/generate?count=100"
2025-01-06T15:55:09: [GIN] 2025/01/06 - 15:55:09 | 200 |      1.6315ms |             ::1 | GET      "/api-go/records/generate?count=100"
2025-01-06T15:55:09: [GIN] 2025/01/06 - 15:55:09 | 204 |            0s |             ::1 | OPTIONS  "/api-go/records/time"
2025-01-06T15:55:09: [GIN] 2025/01/06 - 15:55:09 | 200 |            0s |             ::1 | GET      "/api-go/records/time"
2025-01-06T16:17:27: [GIN] 2025/01/06 - 16:17:27 | 204 |            0s |             ::1 | OPTIONS  "/api-go/records/generate?count=100"
2025-01-06T16:17:27: [GIN] 2025/01/06 - 16:17:27 | 200 |       1.572ms |             ::1 | GET      "/api-go/records/generate?count=100"
2025-01-06T16:17:27: [GIN] 2025/01/06 - 16:17:27 | 204 |            0s |             ::1 | OPTIONS  "/api-go/records/time"
2025-01-06T16:17:27: [GIN] 2025/01/06 - 16:17:27 | 200 |            0s |             ::1 | GET      "/api-go/records/time"
2025-01-06T16:17:44: [GIN] 2025/01/06 - 16:17:44 | 204 |            0s |             ::1 | OPTIONS  "/api-go/records/generate?count=100"
2025-01-06T16:17:44: [GIN] 2025/01/06 - 16:17:44 | 200 |      1.6191ms |             ::1 | GET      "/api-go/records/generate?count=100"
2025-01-06T16:17:44: [GIN] 2025/01/06 - 16:17:44 | 204 |            0s |             ::1 | OPTIONS  "/api-go/records/time"
2025-01-06T16:17:44: [GIN] 2025/01/06 - 16:17:44 | 200 |            0s |             ::1 | GET      "/api-go/records/time"
2025-01-06T16:17:47: [GIN] 2025/01/06 - 16:17:47 | 204 |            0s |             ::1 | OPTIONS  "/api-go/records/generate?count=15000"
2025-01-06T16:17:47: [GIN] 2025/01/06 - 16:17:47 | 200 |    165.5391ms |             ::1 | GET      "/api-go/records/generate?count=15000"
2025-01-06T16:17:47: [GIN] 2025/01/06 - 16:17:47 | 200 |            0s |             ::1 | GET      "/api-go/records/time"
2025-01-06T16:17:59: [GIN] 2025/01/06 - 16:17:59 | 204 |            0s |             ::1 | OPTIONS  "/api-go/records/generate?count=100"
2025-01-06T16:17:59: [GIN] 2025/01/06 - 16:17:59 | 200 |      1.1241ms |             ::1 | GET      "/api-go/records/generate?count=100"
2025-01-06T16:17:59: [GIN] 2025/01/06 - 16:17:59 | 204 |            0s |             ::1 | OPTIONS  "/api-go/records/time"
2025-01-06T16:17:59: [GIN] 2025/01/06 - 16:17:59 | 200 |            0s |             ::1 | GET      "/api-go/records/time"
2025-01-06T16:18:01: [GIN] 2025/01/06 - 16:18:01 | 204 |            0s |             ::1 | OPTIONS  "/api-go/records/generate?count=1000"
2025-01-06T16:18:01: [GIN] 2025/01/06 - 16:18:01 | 200 |     12.6826ms |             ::1 | GET      "/api-go/records/generate?count=1000"
2025-01-06T16:18:01: [GIN] 2025/01/06 - 16:18:01 | 200 |            0s |             ::1 | GET      "/api-go/records/time"
2025-01-06T16:18:03: [GIN] 2025/01/06 - 16:18:03 | 204 |            0s |             ::1 | OPTIONS  "/api-go/records/generate?count=15000"
2025-01-06T16:18:03: [GIN] 2025/01/06 - 16:18:03 | 200 |    158.7345ms |             ::1 | GET      "/api-go/records/generate?count=15000"
2025-01-06T16:18:03: [GIN] 2025/01/06 - 16:18:03 | 200 |            0s |             ::1 | GET      "/api-go/records/time"
2025-01-06T16:18:06: [GIN] 2025/01/06 - 16:18:06 | 204 |            0s |             ::1 | OPTIONS  "/api-go/records/generate?count=100000"
2025-01-06T16:18:07: [GIN] 2025/01/06 - 16:18:07 | 200 |    1.0130649s |             ::1 | GET      "/api-go/records/generate?count=100000"
2025-01-06T16:18:07: [GIN] 2025/01/06 - 16:18:07 | 204 |            0s |             ::1 | OPTIONS  "/api-go/records/time"
2025-01-06T16:18:07: [GIN] 2025/01/06 - 16:18:07 | 200 |            0s |             ::1 | GET      "/api-go/records/time"
2025-01-06T16:22:22: [GIN] 2025/01/06 - 16:22:22 | 204 |            0s |             ::1 | OPTIONS  "/api-go/records/generate?count=100"
2025-01-06T16:22:22: [GIN] 2025/01/06 - 16:22:22 | 200 |       1.612ms |             ::1 | GET      "/api-go/records/generate?count=100"
2025-01-06T16:22:22: [GIN] 2025/01/06 - 16:22:22 | 204 |            0s |             ::1 | OPTIONS  "/api-go/records/time"
2025-01-06T16:22:22: [GIN] 2025/01/06 - 16:22:22 | 200 |            0s |             ::1 | GET      "/api-go/records/time"
2025-01-06T16:22:27: [GIN] 2025/01/06 - 16:22:27 | 200 |      1.6089ms |             ::1 | GET      "/api-go/records/generate?count=100"
2025-01-06T16:22:27: [GIN] 2025/01/06 - 16:22:27 | 200 |            0s |             ::1 | GET      "/api-go/records/time"
2025-01-06T16:22:31: [GIN] 2025/01/06 - 16:22:31 | 204 |            0s |             ::1 | OPTIONS  "/api-go/records/generate?count=100000"
2025-01-06T16:22:33: [GIN] 2025/01/06 - 16:22:33 | 200 |    2.1147822s |             ::1 | GET      "/api-go/records/generate?count=100000"
2025-01-06T16:22:33: [GIN] 2025/01/06 - 16:22:33 | 204 |            0s |             ::1 | OPTIONS  "/api-go/records/time"
2025-01-06T16:22:33: [GIN] 2025/01/06 - 16:22:33 | 200 |            0s |             ::1 | GET      "/api-go/records/time"
2025-01-06T18:41:52: [GIN-debug] [WARNING] Creating an Engine instance with the Logger and Recovery middleware already attached.
2025-01-06T18:41:52: 
2025-01-06T18:41:52: [GIN-debug] [WARNING] Running in "debug" mode. Switch to "release" mode in production.
2025-01-06T18:41:52:  - using env:	export GIN_MODE=release
2025-01-06T18:41:52:  - using code:	gin.SetMode(gin.ReleaseMode)
2025-01-06T18:41:52: 
2025-01-06T18:41:52: [GIN-debug] GET    /api-go/health            --> main.main.func2 (5 handlers)
2025-01-06T18:41:52: [GIN-debug] GET    /api-go/records           --> craft-fusion/craft-go/handlers.GetRecordsHandler (5 handlers)
2025-01-06T18:41:52: [GIN-debug] GET    /api-go/records/generate  --> craft-fusion/craft-go/handlers.GenerateRecordsHandler (5 handlers)
2025-01-06T18:41:52: [GIN-debug] GET    /api-go/records/time      --> craft-fusion/craft-go/handlers.GetCreationTimeHandler (5 handlers)
2025-01-06T18:41:52: [GIN-debug] GET    /api-go/records/:UID      --> craft-fusion/craft-go/handlers.GetRecordByUIDHandler (5 handlers)
2025-01-06T18:41:52: [GIN-debug] GET    /api-go/swagger/*any      --> github.com/swaggo/gin-swagger.CustomWrapHandler.func1 (5 handlers)
2025-01-06T18:45:05: [GIN-debug] [WARNING] Creating an Engine instance with the Logger and Recovery middleware already attached.
2025-01-06T18:45:05: 
2025-01-06T18:45:05: [GIN-debug] [WARNING] Running in "debug" mode. Switch to "release" mode in production.
2025-01-06T18:45:05:  - using env:	export GIN_MODE=release
2025-01-06T18:45:05:  - using code:	gin.SetMode(gin.ReleaseMode)
2025-01-06T18:45:05: 
2025-01-06T18:45:05: [GIN-debug] GET    /api-go/health            --> main.main.func2 (5 handlers)
2025-01-06T18:45:05: [GIN-debug] GET    /api-go/records           --> craft-fusion/craft-go/handlers.GetRecordsHandler (5 handlers)
2025-01-06T18:45:05: [GIN-debug] GET    /api-go/records/generate  --> craft-fusion/craft-go/handlers.GenerateRecordsHandler (5 handlers)
2025-01-06T18:45:05: [GIN-debug] GET    /api-go/records/time      --> craft-fusion/craft-go/handlers.GetCreationTimeHandler (5 handlers)
2025-01-06T18:45:05: [GIN-debug] GET    /api-go/records/:UID      --> craft-fusion/craft-go/handlers.GetRecordByUIDHandler (5 handlers)
2025-01-06T18:45:05: [GIN-debug] GET    /api-go/swagger/*any      --> github.com/swaggo/gin-swagger.CustomWrapHandler.func1 (5 handlers)
2025-01-07T04:26:30: [GIN] 2025/01/07 - 04:26:30 | 204 |       518.1µs |             ::1 | OPTIONS  "/api-go/records/generate?count=100"
2025-01-07T04:26:30: [GIN] 2025/01/07 - 04:26:30 | 200 |      5.3199ms |             ::1 | GET      "/api-go/records/generate?count=100"
2025-01-07T04:26:30: [GIN] 2025/01/07 - 04:26:30 | 204 |            0s |             ::1 | OPTIONS  "/api-go/records/time"
2025-01-07T04:26:30: [GIN] 2025/01/07 - 04:26:30 | 200 |            0s |             ::1 | GET      "/api-go/records/time"
2025-01-07T04:26:36: [GIN] 2025/01/07 - 04:26:36 | 204 |            0s |             ::1 | OPTIONS  "/api-go/records/generate?count=100"
2025-01-07T04:26:36: [GIN] 2025/01/07 - 04:26:36 | 200 |      1.7571ms |             ::1 | GET      "/api-go/records/generate?count=100"
2025-01-07T04:26:36: [GIN] 2025/01/07 - 04:26:36 | 204 |            0s |             ::1 | OPTIONS  "/api-go/records/time"
2025-01-07T04:26:36: [GIN] 2025/01/07 - 04:26:36 | 200 |      1.0067ms |             ::1 | GET      "/api-go/records/time"
2025-01-07T04:26:41: [GIN] 2025/01/07 - 04:26:41 | 204 |       862.9µs |             ::1 | OPTIONS  "/api-go/records/generate?count=100"
2025-01-07T04:26:41: [GIN] 2025/01/07 - 04:26:41 | 200 |      2.0139ms |             ::1 | GET      "/api-go/records/generate?count=100"
2025-01-07T04:26:41: [GIN] 2025/01/07 - 04:26:41 | 204 |            0s |             ::1 | OPTIONS  "/api-go/records/time"
2025-01-07T04:26:41: [GIN] 2025/01/07 - 04:26:41 | 200 |            0s |             ::1 | GET      "/api-go/records/time"
2025-01-07T04:26:44: [GIN] 2025/01/07 - 04:26:44 | 204 |            0s |             ::1 | OPTIONS  "/api-go/records/generate?count=1000"
2025-01-07T04:26:44: [GIN] 2025/01/07 - 04:26:44 | 200 |      9.1387ms |             ::1 | GET      "/api-go/records/generate?count=1000"
2025-01-07T04:26:44: [GIN] 2025/01/07 - 04:26:44 | 200 |            0s |             ::1 | GET      "/api-go/records/time"
2025-01-07T04:26:48: [GIN] 2025/01/07 - 04:26:48 | 204 |            0s |             ::1 | OPTIONS  "/api-go/records/generate?count=15000"
2025-01-07T04:26:48: [GIN] 2025/01/07 - 04:26:48 | 200 |    151.4249ms |             ::1 | GET      "/api-go/records/generate?count=15000"
2025-01-07T04:26:48: [GIN] 2025/01/07 - 04:26:48 | 204 |            0s |             ::1 | OPTIONS  "/api-go/records/time"
2025-01-07T04:26:48: [GIN] 2025/01/07 - 04:26:48 | 200 |            0s |             ::1 | GET      "/api-go/records/time"
2025-01-07T04:26:50: [GIN] 2025/01/07 - 04:26:50 | 204 |            0s |             ::1 | OPTIONS  "/api-go/records/generate?count=100000"
2025-01-07T04:26:51: [GIN] 2025/01/07 - 04:26:51 | 200 |    939.0979ms |             ::1 | GET      "/api-go/records/generate?count=100000"
2025-01-07T04:26:52: [GIN] 2025/01/07 - 04:26:52 | 200 |       487.7µs |             ::1 | GET      "/api-go/records/time"
2025-01-07T04:35:04: [GIN] 2025/01/07 - 04:35:04 | 204 |            0s |             ::1 | OPTIONS  "/api-go/records/generate?count=1000"
2025-01-07T04:35:04: [GIN] 2025/01/07 - 04:35:04 | 200 |     13.0647ms |             ::1 | GET      "/api-go/records/generate?count=1000"
2025-01-07T04:35:04: [GIN] 2025/01/07 - 04:35:04 | 204 |            0s |             ::1 | OPTIONS  "/api-go/records/time"
2025-01-07T04:35:04: [GIN] 2025/01/07 - 04:35:04 | 200 |            0s |             ::1 | GET      "/api-go/records/time"
2025-01-07T04:35:07: [GIN] 2025/01/07 - 04:35:07 | 204 |            0s |             ::1 | OPTIONS  "/api-go/records/generate?count=15000"
2025-01-07T04:35:07: [GIN] 2025/01/07 - 04:35:07 | 200 |    196.5474ms |             ::1 | GET      "/api-go/records/generate?count=15000"
2025-01-07T04:35:08: [GIN] 2025/01/07 - 04:35:08 | 200 |            0s |             ::1 | GET      "/api-go/records/time"
2025-01-07T04:49:33: [GIN] 2025/01/07 - 04:49:33 | 204 |            0s |             ::1 | OPTIONS  "/api-go/records/generate?count=100"
2025-01-07T04:49:33: [GIN] 2025/01/07 - 04:49:33 | 200 |      1.1807ms |             ::1 | GET      "/api-go/records/generate?count=100"
2025-01-07T04:49:33: [GIN] 2025/01/07 - 04:49:33 | 204 |            0s |             ::1 | OPTIONS  "/api-go/records/time"
2025-01-07T04:49:33: [GIN] 2025/01/07 - 04:49:33 | 200 |       686.7µs |             ::1 | GET      "/api-go/records/time"
2025-01-07T04:56:45: [GIN] 2025/01/07 - 04:56:45 | 204 |            0s |             ::1 | OPTIONS  "/api-go/records/218224424"
2025-01-07T04:56:45: [GIN] 2025/01/07 - 04:56:45 | 404 |            0s |             ::1 | GET      "/api-go/records/218224424"
2025-01-09T10:12:29: [GIN-debug] [WARNING] Creating an Engine instance with the Logger and Recovery middleware already attached.
2025-01-09T10:12:29: 
2025-01-09T10:12:29: [GIN-debug] [WARNING] Running in "debug" mode. Switch to "release" mode in production.
2025-01-09T10:12:29:  - using env:	export GIN_MODE=release
2025-01-09T10:12:29:  - using code:	gin.SetMode(gin.ReleaseMode)
2025-01-09T10:12:29: 
2025-01-09T10:12:29: [GIN-debug] GET    /api-go/health            --> main.main.func2 (5 handlers)
2025-01-09T10:12:29: [GIN-debug] GET    /api-go/records           --> craft-fusion/craft-go/handlers.GetRecordsHandler (5 handlers)
2025-01-09T10:12:29: [GIN-debug] GET    /api-go/records/generate  --> craft-fusion/craft-go/handlers.GenerateRecordsHandler (5 handlers)
2025-01-09T10:12:29: [GIN-debug] GET    /api-go/records/time      --> craft-fusion/craft-go/handlers.GetCreationTimeHandler (5 handlers)
2025-01-09T10:12:29: [GIN-debug] GET    /api-go/records/:UID      --> craft-fusion/craft-go/handlers.GetRecordByUIDHandler (5 handlers)
2025-01-09T10:12:29: [GIN-debug] GET    /api-go/swagger/*any      --> github.com/swaggo/gin-swagger.CustomWrapHandler.func1 (5 handlers)
2025-01-09T10:12:30: [GIN-debug] [WARNING] Creating an Engine instance with the Logger and Recovery middleware already attached.
2025-01-09T10:12:30: 
2025-01-09T10:12:30: [GIN-debug] [WARNING] Running in "debug" mode. Switch to "release" mode in production.
2025-01-09T10:12:30:  - using env:	export GIN_MODE=release
2025-01-09T10:12:30:  - using code:	gin.SetMode(gin.ReleaseMode)
2025-01-09T10:12:30: 
2025-01-09T10:12:30: [GIN-debug] GET    /api-go/health            --> main.main.func2 (5 handlers)
2025-01-09T10:12:30: [GIN-debug] GET    /api-go/records           --> craft-fusion/craft-go/handlers.GetRecordsHandler (5 handlers)
2025-01-09T10:12:30: [GIN-debug] GET    /api-go/records/generate  --> craft-fusion/craft-go/handlers.GenerateRecordsHandler (5 handlers)
2025-01-09T10:12:30: [GIN-debug] GET    /api-go/records/time      --> craft-fusion/craft-go/handlers.GetCreationTimeHandler (5 handlers)
2025-01-09T10:12:30: [GIN-debug] GET    /api-go/records/:UID      --> craft-fusion/craft-go/handlers.GetRecordByUIDHandler (5 handlers)
2025-01-09T10:12:30: [GIN-debug] GET    /api-go/swagger/*any      --> github.com/swaggo/gin-swagger.CustomWrapHandler.func1 (5 handlers)
2025-01-09T10:12:30: [GIN-debug] [WARNING] Creating an Engine instance with the Logger and Recovery middleware already attached.
2025-01-09T10:12:30: 
2025-01-09T10:12:30: [GIN-debug] [WARNING] Running in "debug" mode. Switch to "release" mode in production.
2025-01-09T10:12:30:  - using env:	export GIN_MODE=release
2025-01-09T10:12:30:  - using code:	gin.SetMode(gin.ReleaseMode)
2025-01-09T10:12:30: 
2025-01-09T10:12:30: [GIN-debug] GET    /api-go/health            --> main.main.func2 (5 handlers)
2025-01-09T10:12:30: [GIN-debug] GET    /api-go/records           --> craft-fusion/craft-go/handlers.GetRecordsHandler (5 handlers)
2025-01-09T10:12:30: [GIN-debug] GET    /api-go/records/generate  --> craft-fusion/craft-go/handlers.GenerateRecordsHandler (5 handlers)
2025-01-09T10:12:30: [GIN-debug] GET    /api-go/records/time      --> craft-fusion/craft-go/handlers.GetCreationTimeHandler (5 handlers)
2025-01-09T10:12:30: [GIN-debug] GET    /api-go/records/:UID      --> craft-fusion/craft-go/handlers.GetRecordByUIDHandler (5 handlers)
2025-01-09T10:12:30: [GIN-debug] GET    /api-go/swagger/*any      --> github.com/swaggo/gin-swagger.CustomWrapHandler.func1 (5 handlers)
2025-01-09T10:12:30: [GIN-debug] [WARNING] Creating an Engine instance with the Logger and Recovery middleware already attached.
2025-01-09T10:12:30: 
2025-01-09T10:12:30: [GIN-debug] [WARNING] Running in "debug" mode. Switch to "release" mode in production.
2025-01-09T10:12:30:  - using env:	export GIN_MODE=release
2025-01-09T10:12:30:  - using code:	gin.SetMode(gin.ReleaseMode)
2025-01-09T10:12:30: 
2025-01-09T10:12:30: [GIN-debug] GET    /api-go/health            --> main.main.func2 (5 handlers)
2025-01-09T10:12:30: [GIN-debug] GET    /api-go/records           --> craft-fusion/craft-go/handlers.GetRecordsHandler (5 handlers)
2025-01-09T10:12:30: [GIN-debug] GET    /api-go/records/generate  --> craft-fusion/craft-go/handlers.GenerateRecordsHandler (5 handlers)
2025-01-09T10:12:30: [GIN-debug] GET    /api-go/records/time      --> craft-fusion/craft-go/handlers.GetCreationTimeHandler (5 handlers)
2025-01-09T10:12:30: [GIN-debug] GET    /api-go/records/:UID      --> craft-fusion/craft-go/handlers.GetRecordByUIDHandler (5 handlers)
2025-01-09T10:12:30: [GIN-debug] GET    /api-go/swagger/*any      --> github.com/swaggo/gin-swagger.CustomWrapHandler.func1 (5 handlers)
2025-01-09T10:12:30: [GIN-debug] [WARNING] Creating an Engine instance with the Logger and Recovery middleware already attached.
2025-01-09T10:12:30: 
2025-01-09T10:12:30: [GIN-debug] [WARNING] Running in "debug" mode. Switch to "release" mode in production.
2025-01-09T10:12:30:  - using env:	export GIN_MODE=release
2025-01-09T10:12:30:  - using code:	gin.SetMode(gin.ReleaseMode)
2025-01-09T10:12:30: 
2025-01-09T10:12:30: [GIN-debug] GET    /api-go/health            --> main.main.func2 (5 handlers)
2025-01-09T10:12:30: [GIN-debug] GET    /api-go/records           --> craft-fusion/craft-go/handlers.GetRecordsHandler (5 handlers)
2025-01-09T10:12:30: [GIN-debug] GET    /api-go/records/generate  --> craft-fusion/craft-go/handlers.GenerateRecordsHandler (5 handlers)
2025-01-09T10:12:30: [GIN-debug] GET    /api-go/records/time      --> craft-fusion/craft-go/handlers.GetCreationTimeHandler (5 handlers)
2025-01-09T10:12:30: [GIN-debug] GET    /api-go/records/:UID      --> craft-fusion/craft-go/handlers.GetRecordByUIDHandler (5 handlers)
2025-01-09T10:12:30: [GIN-debug] GET    /api-go/swagger/*any      --> github.com/swaggo/gin-swagger.CustomWrapHandler.func1 (5 handlers)
2025-01-09T10:12:30: [GIN-debug] [WARNING] Creating an Engine instance with the Logger and Recovery middleware already attached.
2025-01-09T10:12:30: 
2025-01-09T10:12:30: [GIN-debug] [WARNING] Running in "debug" mode. Switch to "release" mode in production.
2025-01-09T10:12:30:  - using env:	export GIN_MODE=release
2025-01-09T10:12:30:  - using code:	gin.SetMode(gin.ReleaseMode)
2025-01-09T10:12:30: 
2025-01-09T10:12:30: [GIN-debug] GET    /api-go/health            --> main.main.func2 (5 handlers)
2025-01-09T10:12:30: [GIN-debug] GET    /api-go/records           --> craft-fusion/craft-go/handlers.GetRecordsHandler (5 handlers)
2025-01-09T10:12:30: [GIN-debug] GET    /api-go/records/generate  --> craft-fusion/craft-go/handlers.GenerateRecordsHandler (5 handlers)
2025-01-09T10:12:30: [GIN-debug] GET    /api-go/records/time      --> craft-fusion/craft-go/handlers.GetCreationTimeHandler (5 handlers)
2025-01-09T10:12:30: [GIN-debug] GET    /api-go/records/:UID      --> craft-fusion/craft-go/handlers.GetRecordByUIDHandler (5 handlers)
2025-01-09T10:12:30: [GIN-debug] GET    /api-go/swagger/*any      --> github.com/swaggo/gin-swagger.CustomWrapHandler.func1 (5 handlers)
2025-01-09T10:12:30: [GIN-debug] [WARNING] Creating an Engine instance with the Logger and Recovery middleware already attached.
2025-01-09T10:12:30: 
2025-01-09T10:12:30: [GIN-debug] [WARNING] Running in "debug" mode. Switch to "release" mode in production.
2025-01-09T10:12:30:  - using env:	export GIN_MODE=release
2025-01-09T10:12:30:  - using code:	gin.SetMode(gin.ReleaseMode)
2025-01-09T10:12:30: 
2025-01-09T10:12:30: [GIN-debug] GET    /api-go/health            --> main.main.func2 (5 handlers)
2025-01-09T10:12:30: [GIN-debug] GET    /api-go/records           --> craft-fusion/craft-go/handlers.GetRecordsHandler (5 handlers)
2025-01-09T10:12:30: [GIN-debug] GET    /api-go/records/generate  --> craft-fusion/craft-go/handlers.GenerateRecordsHandler (5 handlers)
2025-01-09T10:12:30: [GIN-debug] GET    /api-go/records/time      --> craft-fusion/craft-go/handlers.GetCreationTimeHandler (5 handlers)
2025-01-09T10:12:30: [GIN-debug] GET    /api-go/records/:UID      --> craft-fusion/craft-go/handlers.GetRecordByUIDHandler (5 handlers)
2025-01-09T10:12:30: [GIN-debug] GET    /api-go/swagger/*any      --> github.com/swaggo/gin-swagger.CustomWrapHandler.func1 (5 handlers)
2025-01-09T10:12:30: [GIN-debug] [WARNING] Creating an Engine instance with the Logger and Recovery middleware already attached.
2025-01-09T10:12:30: 
2025-01-09T10:12:30: [GIN-debug] [WARNING] Running in "debug" mode. Switch to "release" mode in production.
2025-01-09T10:12:30:  - using env:	export GIN_MODE=release
2025-01-09T10:12:30:  - using code:	gin.SetMode(gin.ReleaseMode)
2025-01-09T10:12:30: 
2025-01-09T10:12:30: [GIN-debug] GET    /api-go/health            --> main.main.func2 (5 handlers)
2025-01-09T10:12:30: [GIN-debug] GET    /api-go/records           --> craft-fusion/craft-go/handlers.GetRecordsHandler (5 handlers)
2025-01-09T10:12:30: [GIN-debug] GET    /api-go/records/generate  --> craft-fusion/craft-go/handlers.GenerateRecordsHandler (5 handlers)
2025-01-09T10:12:30: [GIN-debug] GET    /api-go/records/time      --> craft-fusion/craft-go/handlers.GetCreationTimeHandler (5 handlers)
2025-01-09T10:12:30: [GIN-debug] GET    /api-go/records/:UID      --> craft-fusion/craft-go/handlers.GetRecordByUIDHandler (5 handlers)
2025-01-09T10:12:30: [GIN-debug] GET    /api-go/swagger/*any      --> github.com/swaggo/gin-swagger.CustomWrapHandler.func1 (5 handlers)
2025-01-09T10:12:30: [GIN-debug] [WARNING] Creating an Engine instance with the Logger and Recovery middleware already attached.
2025-01-09T10:12:30: 
2025-01-09T10:12:30: [GIN-debug] [WARNING] Running in "debug" mode. Switch to "release" mode in production.
2025-01-09T10:12:30:  - using env:	export GIN_MODE=release
2025-01-09T10:12:30:  - using code:	gin.SetMode(gin.ReleaseMode)
2025-01-09T10:12:30: 
2025-01-09T10:12:30: [GIN-debug] GET    /api-go/health            --> main.main.func2 (5 handlers)
2025-01-09T10:12:30: [GIN-debug] GET    /api-go/records           --> craft-fusion/craft-go/handlers.GetRecordsHandler (5 handlers)
2025-01-09T10:12:30: [GIN-debug] GET    /api-go/records/generate  --> craft-fusion/craft-go/handlers.GenerateRecordsHandler (5 handlers)
2025-01-09T10:12:30: [GIN-debug] GET    /api-go/records/time      --> craft-fusion/craft-go/handlers.GetCreationTimeHandler (5 handlers)
2025-01-09T10:12:30: [GIN-debug] GET    /api-go/records/:UID      --> craft-fusion/craft-go/handlers.GetRecordByUIDHandler (5 handlers)
2025-01-09T10:12:30: [GIN-debug] GET    /api-go/swagger/*any      --> github.com/swaggo/gin-swagger.CustomWrapHandler.func1 (5 handlers)
2025-01-09T10:12:30: [GIN-debug] [WARNING] Creating an Engine instance with the Logger and Recovery middleware already attached.
2025-01-09T10:12:30: 
2025-01-09T10:12:30: [GIN-debug] [WARNING] Running in "debug" mode. Switch to "release" mode in production.
2025-01-09T10:12:30:  - using env:	export GIN_MODE=release
2025-01-09T10:12:30:  - using code:	gin.SetMode(gin.ReleaseMode)
2025-01-09T10:12:30: 
2025-01-09T10:12:30: [GIN-debug] GET    /api-go/health            --> main.main.func2 (5 handlers)
2025-01-09T10:12:30: [GIN-debug] GET    /api-go/records           --> craft-fusion/craft-go/handlers.GetRecordsHandler (5 handlers)
2025-01-09T10:12:30: [GIN-debug] GET    /api-go/records/generate  --> craft-fusion/craft-go/handlers.GenerateRecordsHandler (5 handlers)
2025-01-09T10:12:30: [GIN-debug] GET    /api-go/records/time      --> craft-fusion/craft-go/handlers.GetCreationTimeHandler (5 handlers)
2025-01-09T10:12:30: [GIN-debug] GET    /api-go/records/:UID      --> craft-fusion/craft-go/handlers.GetRecordByUIDHandler (5 handlers)
2025-01-09T10:12:30: [GIN-debug] GET    /api-go/swagger/*any      --> github.com/swaggo/gin-swagger.CustomWrapHandler.func1 (5 handlers)
2025-01-09T10:12:30: [GIN-debug] [WARNING] Creating an Engine instance with the Logger and Recovery middleware already attached.
2025-01-09T10:12:30: 
2025-01-09T10:12:30: [GIN-debug] [WARNING] Running in "debug" mode. Switch to "release" mode in production.
2025-01-09T10:12:30:  - using env:	export GIN_MODE=release
2025-01-09T10:12:30:  - using code:	gin.SetMode(gin.ReleaseMode)
2025-01-09T10:12:30: 
2025-01-09T10:12:30: [GIN-debug] GET    /api-go/health            --> main.main.func2 (5 handlers)
2025-01-09T10:12:30: [GIN-debug] GET    /api-go/records           --> craft-fusion/craft-go/handlers.GetRecordsHandler (5 handlers)
2025-01-09T10:12:30: [GIN-debug] GET    /api-go/records/generate  --> craft-fusion/craft-go/handlers.GenerateRecordsHandler (5 handlers)
2025-01-09T10:12:30: [GIN-debug] GET    /api-go/records/time      --> craft-fusion/craft-go/handlers.GetCreationTimeHandler (5 handlers)
2025-01-09T10:12:30: [GIN-debug] GET    /api-go/records/:UID      --> craft-fusion/craft-go/handlers.GetRecordByUIDHandler (5 handlers)
2025-01-09T10:12:30: [GIN-debug] GET    /api-go/swagger/*any      --> github.com/swaggo/gin-swagger.CustomWrapHandler.func1 (5 handlers)
2025-01-09T10:12:30: [GIN-debug] [WARNING] Creating an Engine instance with the Logger and Recovery middleware already attached.
2025-01-09T10:12:30: 
2025-01-09T10:12:30: [GIN-debug] [WARNING] Running in "debug" mode. Switch to "release" mode in production.
2025-01-09T10:12:30:  - using env:	export GIN_MODE=release
2025-01-09T10:12:30:  - using code:	gin.SetMode(gin.ReleaseMode)
2025-01-09T10:12:30: 
2025-01-09T10:12:30: [GIN-debug] GET    /api-go/health            --> main.main.func2 (5 handlers)
2025-01-09T10:12:30: [GIN-debug] GET    /api-go/records           --> craft-fusion/craft-go/handlers.GetRecordsHandler (5 handlers)
2025-01-09T10:12:30: [GIN-debug] GET    /api-go/records/generate  --> craft-fusion/craft-go/handlers.GenerateRecordsHandler (5 handlers)
2025-01-09T10:12:30: [GIN-debug] GET    /api-go/records/time      --> craft-fusion/craft-go/handlers.GetCreationTimeHandler (5 handlers)
2025-01-09T10:12:30: [GIN-debug] GET    /api-go/records/:UID      --> craft-fusion/craft-go/handlers.GetRecordByUIDHandler (5 handlers)
2025-01-09T10:12:30: [GIN-debug] GET    /api-go/swagger/*any      --> github.com/swaggo/gin-swagger.CustomWrapHandler.func1 (5 handlers)
2025-01-09T10:12:30: [GIN-debug] [WARNING] Creating an Engine instance with the Logger and Recovery middleware already attached.
2025-01-09T10:12:30: 
2025-01-09T10:12:30: [GIN-debug] [WARNING] Running in "debug" mode. Switch to "release" mode in production.
2025-01-09T10:12:30:  - using env:	export GIN_MODE=release
2025-01-09T10:12:30:  - using code:	gin.SetMode(gin.ReleaseMode)
2025-01-09T10:12:30: 
2025-01-09T10:12:30: [GIN-debug] GET    /api-go/health            --> main.main.func2 (5 handlers)
2025-01-09T10:12:30: [GIN-debug] GET    /api-go/records           --> craft-fusion/craft-go/handlers.GetRecordsHandler (5 handlers)
2025-01-09T10:12:30: [GIN-debug] GET    /api-go/records/generate  --> craft-fusion/craft-go/handlers.GenerateRecordsHandler (5 handlers)
2025-01-09T10:12:30: [GIN-debug] GET    /api-go/records/time      --> craft-fusion/craft-go/handlers.GetCreationTimeHandler (5 handlers)
2025-01-09T10:12:30: [GIN-debug] GET    /api-go/records/:UID      --> craft-fusion/craft-go/handlers.GetRecordByUIDHandler (5 handlers)
2025-01-09T10:12:30: [GIN-debug] GET    /api-go/swagger/*any      --> github.com/swaggo/gin-swagger.CustomWrapHandler.func1 (5 handlers)
2025-01-09T10:12:30: [GIN-debug] [WARNING] Creating an Engine instance with the Logger and Recovery middleware already attached.
2025-01-09T10:12:30: 
2025-01-09T10:12:30: [GIN-debug] [WARNING] Running in "debug" mode. Switch to "release" mode in production.
2025-01-09T10:12:30:  - using env:	export GIN_MODE=release
2025-01-09T10:12:30:  - using code:	gin.SetMode(gin.ReleaseMode)
2025-01-09T10:12:30: 
2025-01-09T10:12:30: [GIN-debug] GET    /api-go/health            --> main.main.func2 (5 handlers)
2025-01-09T10:12:30: [GIN-debug] GET    /api-go/records           --> craft-fusion/craft-go/handlers.GetRecordsHandler (5 handlers)
2025-01-09T10:12:30: [GIN-debug] GET    /api-go/records/generate  --> craft-fusion/craft-go/handlers.GenerateRecordsHandler (5 handlers)
2025-01-09T10:12:30: [GIN-debug] GET    /api-go/records/time      --> craft-fusion/craft-go/handlers.GetCreationTimeHandler (5 handlers)
2025-01-09T10:12:30: [GIN-debug] GET    /api-go/records/:UID      --> craft-fusion/craft-go/handlers.GetRecordByUIDHandler (5 handlers)
2025-01-09T10:12:30: [GIN-debug] GET    /api-go/swagger/*any      --> github.com/swaggo/gin-swagger.CustomWrapHandler.func1 (5 handlers)
2025-01-09T10:12:31: [GIN-debug] [WARNING] Creating an Engine instance with the Logger and Recovery middleware already attached.
2025-01-09T10:12:31: 
2025-01-09T10:12:31: [GIN-debug] [WARNING] Running in "debug" mode. Switch to "release" mode in production.
2025-01-09T10:12:31:  - using env:	export GIN_MODE=release
2025-01-09T10:12:31:  - using code:	gin.SetMode(gin.ReleaseMode)
2025-01-09T10:12:31: 
2025-01-09T10:12:31: [GIN-debug] GET    /api-go/health            --> main.main.func2 (5 handlers)
2025-01-09T10:12:31: [GIN-debug] GET    /api-go/records           --> craft-fusion/craft-go/handlers.GetRecordsHandler (5 handlers)
2025-01-09T10:12:31: [GIN-debug] GET    /api-go/records/generate  --> craft-fusion/craft-go/handlers.GenerateRecordsHandler (5 handlers)
2025-01-09T10:12:31: [GIN-debug] GET    /api-go/records/time      --> craft-fusion/craft-go/handlers.GetCreationTimeHandler (5 handlers)
2025-01-09T10:12:31: [GIN-debug] GET    /api-go/records/:UID      --> craft-fusion/craft-go/handlers.GetRecordByUIDHandler (5 handlers)
2025-01-09T10:12:31: [GIN-debug] GET    /api-go/swagger/*any      --> github.com/swaggo/gin-swagger.CustomWrapHandler.func1 (5 handlers)
2025-01-09T10:12:31: [GIN-debug] [WARNING] Creating an Engine instance with the Logger and Recovery middleware already attached.
2025-01-09T10:12:31: 
2025-01-09T10:12:31: [GIN-debug] [WARNING] Running in "debug" mode. Switch to "release" mode in production.
2025-01-09T10:12:31:  - using env:	export GIN_MODE=release
2025-01-09T10:12:31:  - using code:	gin.SetMode(gin.ReleaseMode)
2025-01-09T10:12:31: 
2025-01-09T10:12:31: [GIN-debug] GET    /api-go/health            --> main.main.func2 (5 handlers)
2025-01-09T10:12:31: [GIN-debug] GET    /api-go/records           --> craft-fusion/craft-go/handlers.GetRecordsHandler (5 handlers)
2025-01-09T10:12:31: [GIN-debug] GET    /api-go/records/generate  --> craft-fusion/craft-go/handlers.GenerateRecordsHandler (5 handlers)
2025-01-09T10:12:31: [GIN-debug] GET    /api-go/records/time      --> craft-fusion/craft-go/handlers.GetCreationTimeHandler (5 handlers)
2025-01-09T10:12:31: [GIN-debug] GET    /api-go/records/:UID      --> craft-fusion/craft-go/handlers.GetRecordByUIDHandler (5 handlers)
2025-01-09T10:12:31: [GIN-debug] GET    /api-go/swagger/*any      --> github.com/swaggo/gin-swagger.CustomWrapHandler.func1 (5 handlers)
2025-01-09T10:13:09: [GIN-debug] [WARNING] Creating an Engine instance with the Logger and Recovery middleware already attached.
2025-01-09T10:13:09: 
2025-01-09T10:13:09: [GIN-debug] [WARNING] Running in "debug" mode. Switch to "release" mode in production.
2025-01-09T10:13:09:  - using env:	export GIN_MODE=release
2025-01-09T10:13:09:  - using code:	gin.SetMode(gin.ReleaseMode)
2025-01-09T10:13:09: 
2025-01-09T10:13:09: [GIN-debug] GET    /api-go/health            --> main.main.func2 (5 handlers)
2025-01-09T10:13:09: [GIN-debug] GET    /api-go/records           --> craft-fusion/craft-go/handlers.GetRecordsHandler (5 handlers)
2025-01-09T10:13:09: [GIN-debug] GET    /api-go/records/generate  --> craft-fusion/craft-go/handlers.GenerateRecordsHandler (5 handlers)
2025-01-09T10:13:09: [GIN-debug] GET    /api-go/records/time      --> craft-fusion/craft-go/handlers.GetCreationTimeHandler (5 handlers)
2025-01-09T10:13:09: [GIN-debug] GET    /api-go/records/:UID      --> craft-fusion/craft-go/handlers.GetRecordByUIDHandler (5 handlers)
2025-01-09T10:13:09: [GIN-debug] GET    /api-go/swagger/*any      --> github.com/swaggo/gin-swagger.CustomWrapHandler.func1 (5 handlers)
2025-01-09T10:13:09: [GIN-debug] [WARNING] Creating an Engine instance with the Logger and Recovery middleware already attached.
2025-01-09T10:13:09: 
2025-01-09T10:13:09: [GIN-debug] [WARNING] Running in "debug" mode. Switch to "release" mode in production.
2025-01-09T10:13:09:  - using env:	export GIN_MODE=release
2025-01-09T10:13:09:  - using code:	gin.SetMode(gin.ReleaseMode)
2025-01-09T10:13:09: 
2025-01-09T10:13:09: [GIN-debug] GET    /api-go/health            --> main.main.func2 (5 handlers)
2025-01-09T10:13:09: [GIN-debug] GET    /api-go/records           --> craft-fusion/craft-go/handlers.GetRecordsHandler (5 handlers)
2025-01-09T10:13:09: [GIN-debug] GET    /api-go/records/generate  --> craft-fusion/craft-go/handlers.GenerateRecordsHandler (5 handlers)
2025-01-09T10:13:09: [GIN-debug] GET    /api-go/records/time      --> craft-fusion/craft-go/handlers.GetCreationTimeHandler (5 handlers)
2025-01-09T10:13:09: [GIN-debug] GET    /api-go/records/:UID      --> craft-fusion/craft-go/handlers.GetRecordByUIDHandler (5 handlers)
2025-01-09T10:13:09: [GIN-debug] GET    /api-go/swagger/*any      --> github.com/swaggo/gin-swagger.CustomWrapHandler.func1 (5 handlers)
2025-01-09T10:13:09: [GIN-debug] [WARNING] Creating an Engine instance with the Logger and Recovery middleware already attached.
2025-01-09T10:13:09: 
2025-01-09T10:13:09: [GIN-debug] [WARNING] Running in "debug" mode. Switch to "release" mode in production.
2025-01-09T10:13:09:  - using env:	export GIN_MODE=release
2025-01-09T10:13:09:  - using code:	gin.SetMode(gin.ReleaseMode)
2025-01-09T10:13:09: 
2025-01-09T10:13:09: [GIN-debug] GET    /api-go/health            --> main.main.func2 (5 handlers)
2025-01-09T10:13:09: [GIN-debug] GET    /api-go/records           --> craft-fusion/craft-go/handlers.GetRecordsHandler (5 handlers)
2025-01-09T10:13:09: [GIN-debug] GET    /api-go/records/generate  --> craft-fusion/craft-go/handlers.GenerateRecordsHandler (5 handlers)
2025-01-09T10:13:09: [GIN-debug] GET    /api-go/records/time      --> craft-fusion/craft-go/handlers.GetCreationTimeHandler (5 handlers)
2025-01-09T10:13:09: [GIN-debug] GET    /api-go/records/:UID      --> craft-fusion/craft-go/handlers.GetRecordByUIDHandler (5 handlers)
2025-01-09T10:13:09: [GIN-debug] GET    /api-go/swagger/*any      --> github.com/swaggo/gin-swagger.CustomWrapHandler.func1 (5 handlers)
2025-01-09T10:13:09: [GIN-debug] [WARNING] Creating an Engine instance with the Logger and Recovery middleware already attached.
2025-01-09T10:13:09: 
2025-01-09T10:13:09: [GIN-debug] [WARNING] Running in "debug" mode. Switch to "release" mode in production.
2025-01-09T10:13:09:  - using env:	export GIN_MODE=release
2025-01-09T10:13:09:  - using code:	gin.SetMode(gin.ReleaseMode)
2025-01-09T10:13:09: 
2025-01-09T10:13:09: [GIN-debug] GET    /api-go/health            --> main.main.func2 (5 handlers)
2025-01-09T10:13:09: [GIN-debug] GET    /api-go/records           --> craft-fusion/craft-go/handlers.GetRecordsHandler (5 handlers)
2025-01-09T10:13:09: [GIN-debug] GET    /api-go/records/generate  --> craft-fusion/craft-go/handlers.GenerateRecordsHandler (5 handlers)
2025-01-09T10:13:09: [GIN-debug] GET    /api-go/records/time      --> craft-fusion/craft-go/handlers.GetCreationTimeHandler (5 handlers)
2025-01-09T10:13:09: [GIN-debug] GET    /api-go/records/:UID      --> craft-fusion/craft-go/handlers.GetRecordByUIDHandler (5 handlers)
2025-01-09T10:13:09: [GIN-debug] GET    /api-go/swagger/*any      --> github.com/swaggo/gin-swagger.CustomWrapHandler.func1 (5 handlers)
2025-01-09T10:13:09: [GIN-debug] [WARNING] Creating an Engine instance with the Logger and Recovery middleware already attached.
2025-01-09T10:13:09: 
2025-01-09T10:13:09: [GIN-debug] [WARNING] Running in "debug" mode. Switch to "release" mode in production.
2025-01-09T10:13:09:  - using env:	export GIN_MODE=release
2025-01-09T10:13:09:  - using code:	gin.SetMode(gin.ReleaseMode)
2025-01-09T10:13:09: 
2025-01-09T10:13:09: [GIN-debug] GET    /api-go/health            --> main.main.func2 (5 handlers)
2025-01-09T10:13:09: [GIN-debug] GET    /api-go/records           --> craft-fusion/craft-go/handlers.GetRecordsHandler (5 handlers)
2025-01-09T10:13:09: [GIN-debug] GET    /api-go/records/generate  --> craft-fusion/craft-go/handlers.GenerateRecordsHandler (5 handlers)
2025-01-09T10:13:09: [GIN-debug] GET    /api-go/records/time      --> craft-fusion/craft-go/handlers.GetCreationTimeHandler (5 handlers)
2025-01-09T10:13:09: [GIN-debug] GET    /api-go/records/:UID      --> craft-fusion/craft-go/handlers.GetRecordByUIDHandler (5 handlers)
2025-01-09T10:13:09: [GIN-debug] GET    /api-go/swagger/*any      --> github.com/swaggo/gin-swagger.CustomWrapHandler.func1 (5 handlers)
2025-01-09T10:13:09: [GIN-debug] [WARNING] Creating an Engine instance with the Logger and Recovery middleware already attached.
2025-01-09T10:13:09: 
2025-01-09T10:13:09: [GIN-debug] [WARNING] Running in "debug" mode. Switch to "release" mode in production.
2025-01-09T10:13:09:  - using env:	export GIN_MODE=release
2025-01-09T10:13:09:  - using code:	gin.SetMode(gin.ReleaseMode)
2025-01-09T10:13:09: 
2025-01-09T10:13:09: [GIN-debug] GET    /api-go/health            --> main.main.func2 (5 handlers)
2025-01-09T10:13:09: [GIN-debug] GET    /api-go/records           --> craft-fusion/craft-go/handlers.GetRecordsHandler (5 handlers)
2025-01-09T10:13:09: [GIN-debug] GET    /api-go/records/generate  --> craft-fusion/craft-go/handlers.GenerateRecordsHandler (5 handlers)
2025-01-09T10:13:09: [GIN-debug] GET    /api-go/records/time      --> craft-fusion/craft-go/handlers.GetCreationTimeHandler (5 handlers)
2025-01-09T10:13:09: [GIN-debug] GET    /api-go/records/:UID      --> craft-fusion/craft-go/handlers.GetRecordByUIDHandler (5 handlers)
2025-01-09T10:13:09: [GIN-debug] GET    /api-go/swagger/*any      --> github.com/swaggo/gin-swagger.CustomWrapHandler.func1 (5 handlers)
2025-01-09T10:13:09: [GIN-debug] [WARNING] Creating an Engine instance with the Logger and Recovery middleware already attached.
2025-01-09T10:13:09: 
2025-01-09T10:13:09: [GIN-debug] [WARNING] Running in "debug" mode. Switch to "release" mode in production.
2025-01-09T10:13:09:  - using env:	export GIN_MODE=release
2025-01-09T10:13:09:  - using code:	gin.SetMode(gin.ReleaseMode)
2025-01-09T10:13:09: 
2025-01-09T10:13:09: [GIN-debug] GET    /api-go/health            --> main.main.func2 (5 handlers)
2025-01-09T10:13:09: [GIN-debug] GET    /api-go/records           --> craft-fusion/craft-go/handlers.GetRecordsHandler (5 handlers)
2025-01-09T10:13:09: [GIN-debug] GET    /api-go/records/generate  --> craft-fusion/craft-go/handlers.GenerateRecordsHandler (5 handlers)
2025-01-09T10:13:09: [GIN-debug] GET    /api-go/records/time      --> craft-fusion/craft-go/handlers.GetCreationTimeHandler (5 handlers)
2025-01-09T10:13:09: [GIN-debug] GET    /api-go/records/:UID      --> craft-fusion/craft-go/handlers.GetRecordByUIDHandler (5 handlers)
2025-01-09T10:13:09: [GIN-debug] GET    /api-go/swagger/*any      --> github.com/swaggo/gin-swagger.CustomWrapHandler.func1 (5 handlers)
2025-01-09T10:13:09: [GIN-debug] [WARNING] Creating an Engine instance with the Logger and Recovery middleware already attached.
2025-01-09T10:13:09: 
2025-01-09T10:13:09: [GIN-debug] [WARNING] Running in "debug" mode. Switch to "release" mode in production.
2025-01-09T10:13:09:  - using env:	export GIN_MODE=release
2025-01-09T10:13:09:  - using code:	gin.SetMode(gin.ReleaseMode)
2025-01-09T10:13:09: 
2025-01-09T10:13:09: [GIN-debug] GET    /api-go/health            --> main.main.func2 (5 handlers)
2025-01-09T10:13:09: [GIN-debug] GET    /api-go/records           --> craft-fusion/craft-go/handlers.GetRecordsHandler (5 handlers)
2025-01-09T10:13:09: [GIN-debug] GET    /api-go/records/generate  --> craft-fusion/craft-go/handlers.GenerateRecordsHandler (5 handlers)
2025-01-09T10:13:09: [GIN-debug] GET    /api-go/records/time      --> craft-fusion/craft-go/handlers.GetCreationTimeHandler (5 handlers)
2025-01-09T10:13:09: [GIN-debug] GET    /api-go/records/:UID      --> craft-fusion/craft-go/handlers.GetRecordByUIDHandler (5 handlers)
2025-01-09T10:13:09: [GIN-debug] GET    /api-go/swagger/*any      --> github.com/swaggo/gin-swagger.CustomWrapHandler.func1 (5 handlers)
2025-01-09T10:13:09: [GIN-debug] [WARNING] Creating an Engine instance with the Logger and Recovery middleware already attached.
2025-01-09T10:13:09: 
2025-01-09T10:13:09: [GIN-debug] [WARNING] Running in "debug" mode. Switch to "release" mode in production.
2025-01-09T10:13:09:  - using env:	export GIN_MODE=release
2025-01-09T10:13:09:  - using code:	gin.SetMode(gin.ReleaseMode)
2025-01-09T10:13:09: 
2025-01-09T10:13:09: [GIN-debug] GET    /api-go/health            --> main.main.func2 (5 handlers)
2025-01-09T10:13:09: [GIN-debug] GET    /api-go/records           --> craft-fusion/craft-go/handlers.GetRecordsHandler (5 handlers)
2025-01-09T10:13:09: [GIN-debug] GET    /api-go/records/generate  --> craft-fusion/craft-go/handlers.GenerateRecordsHandler (5 handlers)
2025-01-09T10:13:09: [GIN-debug] GET    /api-go/records/time      --> craft-fusion/craft-go/handlers.GetCreationTimeHandler (5 handlers)
2025-01-09T10:13:09: [GIN-debug] GET    /api-go/records/:UID      --> craft-fusion/craft-go/handlers.GetRecordByUIDHandler (5 handlers)
2025-01-09T10:13:09: [GIN-debug] GET    /api-go/swagger/*any      --> github.com/swaggo/gin-swagger.CustomWrapHandler.func1 (5 handlers)
2025-01-09T10:13:09: [GIN-debug] [WARNING] Creating an Engine instance with the Logger and Recovery middleware already attached.
2025-01-09T10:13:09: 
2025-01-09T10:13:09: [GIN-debug] [WARNING] Running in "debug" mode. Switch to "release" mode in production.
2025-01-09T10:13:09:  - using env:	export GIN_MODE=release
2025-01-09T10:13:09:  - using code:	gin.SetMode(gin.ReleaseMode)
2025-01-09T10:13:09: 
2025-01-09T10:13:09: [GIN-debug] GET    /api-go/health            --> main.main.func2 (5 handlers)
2025-01-09T10:13:09: [GIN-debug] GET    /api-go/records           --> craft-fusion/craft-go/handlers.GetRecordsHandler (5 handlers)
2025-01-09T10:13:09: [GIN-debug] GET    /api-go/records/generate  --> craft-fusion/craft-go/handlers.GenerateRecordsHandler (5 handlers)
2025-01-09T10:13:09: [GIN-debug] GET    /api-go/records/time      --> craft-fusion/craft-go/handlers.GetCreationTimeHandler (5 handlers)
2025-01-09T10:13:09: [GIN-debug] GET    /api-go/records/:UID      --> craft-fusion/craft-go/handlers.GetRecordByUIDHandler (5 handlers)
2025-01-09T10:13:09: [GIN-debug] GET    /api-go/swagger/*any      --> github.com/swaggo/gin-swagger.CustomWrapHandler.func1 (5 handlers)
2025-01-09T10:13:09: [GIN-debug] [WARNING] Creating an Engine instance with the Logger and Recovery middleware already attached.
2025-01-09T10:13:09: 
2025-01-09T10:13:09: [GIN-debug] [WARNING] Running in "debug" mode. Switch to "release" mode in production.
2025-01-09T10:13:09:  - using env:	export GIN_MODE=release
2025-01-09T10:13:09:  - using code:	gin.SetMode(gin.ReleaseMode)
2025-01-09T10:13:09: 
2025-01-09T10:13:09: [GIN-debug] GET    /api-go/health            --> main.main.func2 (5 handlers)
2025-01-09T10:13:09: [GIN-debug] GET    /api-go/records           --> craft-fusion/craft-go/handlers.GetRecordsHandler (5 handlers)
2025-01-09T10:13:09: [GIN-debug] GET    /api-go/records/generate  --> craft-fusion/craft-go/handlers.GenerateRecordsHandler (5 handlers)
2025-01-09T10:13:09: [GIN-debug] GET    /api-go/records/time      --> craft-fusion/craft-go/handlers.GetCreationTimeHandler (5 handlers)
2025-01-09T10:13:09: [GIN-debug] GET    /api-go/records/:UID      --> craft-fusion/craft-go/handlers.GetRecordByUIDHandler (5 handlers)
2025-01-09T10:13:09: [GIN-debug] GET    /api-go/swagger/*any      --> github.com/swaggo/gin-swagger.CustomWrapHandler.func1 (5 handlers)
2025-01-09T10:13:09: [GIN-debug] [WARNING] Creating an Engine instance with the Logger and Recovery middleware already attached.
2025-01-09T10:13:09: 
2025-01-09T10:13:09: [GIN-debug] [WARNING] Running in "debug" mode. Switch to "release" mode in production.
2025-01-09T10:13:09:  - using env:	export GIN_MODE=release
2025-01-09T10:13:09:  - using code:	gin.SetMode(gin.ReleaseMode)
2025-01-09T10:13:09: 
2025-01-09T10:13:09: [GIN-debug] GET    /api-go/health            --> main.main.func2 (5 handlers)
2025-01-09T10:13:09: [GIN-debug] GET    /api-go/records           --> craft-fusion/craft-go/handlers.GetRecordsHandler (5 handlers)
2025-01-09T10:13:09: [GIN-debug] GET    /api-go/records/generate  --> craft-fusion/craft-go/handlers.GenerateRecordsHandler (5 handlers)
2025-01-09T10:13:09: [GIN-debug] GET    /api-go/records/time      --> craft-fusion/craft-go/handlers.GetCreationTimeHandler (5 handlers)
2025-01-09T10:13:09: [GIN-debug] GET    /api-go/records/:UID      --> craft-fusion/craft-go/handlers.GetRecordByUIDHandler (5 handlers)
2025-01-09T10:13:09: [GIN-debug] GET    /api-go/swagger/*any      --> github.com/swaggo/gin-swagger.CustomWrapHandler.func1 (5 handlers)
2025-01-09T10:13:09: [GIN-debug] [WARNING] Creating an Engine instance with the Logger and Recovery middleware already attached.
2025-01-09T10:13:09: 
2025-01-09T10:13:09: [GIN-debug] [WARNING] Running in "debug" mode. Switch to "release" mode in production.
2025-01-09T10:13:09:  - using env:	export GIN_MODE=release
2025-01-09T10:13:09:  - using code:	gin.SetMode(gin.ReleaseMode)
2025-01-09T10:13:09: 
2025-01-09T10:13:09: [GIN-debug] GET    /api-go/health            --> main.main.func2 (5 handlers)
2025-01-09T10:13:09: [GIN-debug] GET    /api-go/records           --> craft-fusion/craft-go/handlers.GetRecordsHandler (5 handlers)
2025-01-09T10:13:09: [GIN-debug] GET    /api-go/records/generate  --> craft-fusion/craft-go/handlers.GenerateRecordsHandler (5 handlers)
2025-01-09T10:13:09: [GIN-debug] GET    /api-go/records/time      --> craft-fusion/craft-go/handlers.GetCreationTimeHandler (5 handlers)
2025-01-09T10:13:09: [GIN-debug] GET    /api-go/records/:UID      --> craft-fusion/craft-go/handlers.GetRecordByUIDHandler (5 handlers)
2025-01-09T10:13:09: [GIN-debug] GET    /api-go/swagger/*any      --> github.com/swaggo/gin-swagger.CustomWrapHandler.func1 (5 handlers)
2025-01-09T10:13:09: [GIN-debug] [WARNING] Creating an Engine instance with the Logger and Recovery middleware already attached.
2025-01-09T10:13:09: 
2025-01-09T10:13:09: [GIN-debug] [WARNING] Running in "debug" mode. Switch to "release" mode in production.
2025-01-09T10:13:09:  - using env:	export GIN_MODE=release
2025-01-09T10:13:09:  - using code:	gin.SetMode(gin.ReleaseMode)
2025-01-09T10:13:09: 
2025-01-09T10:13:09: [GIN-debug] GET    /api-go/health            --> main.main.func2 (5 handlers)
2025-01-09T10:13:09: [GIN-debug] GET    /api-go/records           --> craft-fusion/craft-go/handlers.GetRecordsHandler (5 handlers)
2025-01-09T10:13:09: [GIN-debug] GET    /api-go/records/generate  --> craft-fusion/craft-go/handlers.GenerateRecordsHandler (5 handlers)
2025-01-09T10:13:09: [GIN-debug] GET    /api-go/records/time      --> craft-fusion/craft-go/handlers.GetCreationTimeHandler (5 handlers)
2025-01-09T10:13:09: [GIN-debug] GET    /api-go/records/:UID      --> craft-fusion/craft-go/handlers.GetRecordByUIDHandler (5 handlers)
2025-01-09T10:13:09: [GIN-debug] GET    /api-go/swagger/*any      --> github.com/swaggo/gin-swagger.CustomWrapHandler.func1 (5 handlers)
2025-01-09T10:13:09: [GIN-debug] [WARNING] Creating an Engine instance with the Logger and Recovery middleware already attached.
2025-01-09T10:13:09: 
2025-01-09T10:13:09: [GIN-debug] [WARNING] Running in "debug" mode. Switch to "release" mode in production.
2025-01-09T10:13:09:  - using env:	export GIN_MODE=release
2025-01-09T10:13:09:  - using code:	gin.SetMode(gin.ReleaseMode)
2025-01-09T10:13:09: 
2025-01-09T10:13:09: [GIN-debug] GET    /api-go/health            --> main.main.func2 (5 handlers)
2025-01-09T10:13:09: [GIN-debug] GET    /api-go/records           --> craft-fusion/craft-go/handlers.GetRecordsHandler (5 handlers)
2025-01-09T10:13:09: [GIN-debug] GET    /api-go/records/generate  --> craft-fusion/craft-go/handlers.GenerateRecordsHandler (5 handlers)
2025-01-09T10:13:09: [GIN-debug] GET    /api-go/records/time      --> craft-fusion/craft-go/handlers.GetCreationTimeHandler (5 handlers)
2025-01-09T10:13:09: [GIN-debug] GET    /api-go/records/:UID      --> craft-fusion/craft-go/handlers.GetRecordByUIDHandler (5 handlers)
2025-01-09T10:13:09: [GIN-debug] GET    /api-go/swagger/*any      --> github.com/swaggo/gin-swagger.CustomWrapHandler.func1 (5 handlers)
2025-01-09T10:13:09: [GIN-debug] [WARNING] Creating an Engine instance with the Logger and Recovery middleware already attached.
2025-01-09T10:13:09: 
2025-01-09T10:13:09: [GIN-debug] [WARNING] Running in "debug" mode. Switch to "release" mode in production.
2025-01-09T10:13:09:  - using env:	export GIN_MODE=release
2025-01-09T10:13:09:  - using code:	gin.SetMode(gin.ReleaseMode)
2025-01-09T10:13:09: 
2025-01-09T10:13:09: [GIN-debug] GET    /api-go/health            --> main.main.func2 (5 handlers)
2025-01-09T10:13:09: [GIN-debug] GET    /api-go/records           --> craft-fusion/craft-go/handlers.GetRecordsHandler (5 handlers)
2025-01-09T10:13:09: [GIN-debug] GET    /api-go/records/generate  --> craft-fusion/craft-go/handlers.GenerateRecordsHandler (5 handlers)
2025-01-09T10:13:09: [GIN-debug] GET    /api-go/records/time      --> craft-fusion/craft-go/handlers.GetCreationTimeHandler (5 handlers)
2025-01-09T10:13:09: [GIN-debug] GET    /api-go/records/:UID      --> craft-fusion/craft-go/handlers.GetRecordByUIDHandler (5 handlers)
2025-01-09T10:13:09: [GIN-debug] GET    /api-go/swagger/*any      --> github.com/swaggo/gin-swagger.CustomWrapHandler.func1 (5 handlers)
2025-01-09T11:09:11: [GIN-debug] [WARNING] Creating an Engine instance with the Logger and Recovery middleware already attached.
2025-01-09T11:09:11: 
2025-01-09T11:09:11: [GIN-debug] [WARNING] Running in "debug" mode. Switch to "release" mode in production.
2025-01-09T11:09:11:  - using env:	export GIN_MODE=release
2025-01-09T11:09:11:  - using code:	gin.SetMode(gin.ReleaseMode)
2025-01-09T11:09:11: 
2025-01-09T11:09:11: [GIN-debug] GET    /api-go/health            --> main.main.func2 (5 handlers)
2025-01-09T11:09:11: [GIN-debug] GET    /api-go/records           --> craft-fusion/craft-go/handlers.GetRecordsHandler (5 handlers)
2025-01-09T11:09:11: [GIN-debug] GET    /api-go/records/generate  --> craft-fusion/craft-go/handlers.GenerateRecordsHandler (5 handlers)
2025-01-09T11:09:11: [GIN-debug] GET    /api-go/records/time      --> craft-fusion/craft-go/handlers.GetCreationTimeHandler (5 handlers)
2025-01-09T11:09:11: [GIN-debug] GET    /api-go/records/:UID      --> craft-fusion/craft-go/handlers.GetRecordByUIDHandler (5 handlers)
2025-01-09T11:09:11: [GIN-debug] GET    /api-go/swagger/*any      --> github.com/swaggo/gin-swagger.CustomWrapHandler.func1 (5 handlers)
2025-01-09T11:09:11: [GIN-debug] [WARNING] Creating an Engine instance with the Logger and Recovery middleware already attached.
2025-01-09T11:09:11: 
2025-01-09T11:09:11: [GIN-debug] [WARNING] Running in "debug" mode. Switch to "release" mode in production.
2025-01-09T11:09:11:  - using env:	export GIN_MODE=release
2025-01-09T11:09:11:  - using code:	gin.SetMode(gin.ReleaseMode)
2025-01-09T11:09:11: 
2025-01-09T11:09:11: [GIN-debug] GET    /api-go/health            --> main.main.func2 (5 handlers)
2025-01-09T11:09:11: [GIN-debug] GET    /api-go/records           --> craft-fusion/craft-go/handlers.GetRecordsHandler (5 handlers)
2025-01-09T11:09:11: [GIN-debug] GET    /api-go/records/generate  --> craft-fusion/craft-go/handlers.GenerateRecordsHandler (5 handlers)
2025-01-09T11:09:11: [GIN-debug] GET    /api-go/records/time      --> craft-fusion/craft-go/handlers.GetCreationTimeHandler (5 handlers)
2025-01-09T11:09:11: [GIN-debug] GET    /api-go/records/:UID      --> craft-fusion/craft-go/handlers.GetRecordByUIDHandler (5 handlers)
2025-01-09T11:09:11: [GIN-debug] GET    /api-go/swagger/*any      --> github.com/swaggo/gin-swagger.CustomWrapHandler.func1 (5 handlers)
2025-01-09T11:09:11: [GIN-debug] [WARNING] Creating an Engine instance with the Logger and Recovery middleware already attached.
2025-01-09T11:09:11: 
2025-01-09T11:09:11: [GIN-debug] [WARNING] Running in "debug" mode. Switch to "release" mode in production.
2025-01-09T11:09:11:  - using env:	export GIN_MODE=release
2025-01-09T11:09:11:  - using code:	gin.SetMode(gin.ReleaseMode)
2025-01-09T11:09:11: 
2025-01-09T11:09:11: [GIN-debug] GET    /api-go/health            --> main.main.func2 (5 handlers)
2025-01-09T11:09:11: [GIN-debug] GET    /api-go/records           --> craft-fusion/craft-go/handlers.GetRecordsHandler (5 handlers)
2025-01-09T11:09:11: [GIN-debug] GET    /api-go/records/generate  --> craft-fusion/craft-go/handlers.GenerateRecordsHandler (5 handlers)
2025-01-09T11:09:11: [GIN-debug] GET    /api-go/records/time      --> craft-fusion/craft-go/handlers.GetCreationTimeHandler (5 handlers)
2025-01-09T11:09:11: [GIN-debug] GET    /api-go/records/:UID      --> craft-fusion/craft-go/handlers.GetRecordByUIDHandler (5 handlers)
2025-01-09T11:09:11: [GIN-debug] GET    /api-go/swagger/*any      --> github.com/swaggo/gin-swagger.CustomWrapHandler.func1 (5 handlers)
2025-01-09T11:09:11: [GIN-debug] [WARNING] Creating an Engine instance with the Logger and Recovery middleware already attached.
2025-01-09T11:09:11: 
2025-01-09T11:09:11: [GIN-debug] [WARNING] Running in "debug" mode. Switch to "release" mode in production.
2025-01-09T11:09:11:  - using env:	export GIN_MODE=release
2025-01-09T11:09:11:  - using code:	gin.SetMode(gin.ReleaseMode)
2025-01-09T11:09:11: 
2025-01-09T11:09:11: [GIN-debug] GET    /api-go/health            --> main.main.func2 (5 handlers)
2025-01-09T11:09:11: [GIN-debug] GET    /api-go/records           --> craft-fusion/craft-go/handlers.GetRecordsHandler (5 handlers)
2025-01-09T11:09:11: [GIN-debug] GET    /api-go/records/generate  --> craft-fusion/craft-go/handlers.GenerateRecordsHandler (5 handlers)
2025-01-09T11:09:11: [GIN-debug] GET    /api-go/records/time      --> craft-fusion/craft-go/handlers.GetCreationTimeHandler (5 handlers)
2025-01-09T11:09:11: [GIN-debug] GET    /api-go/records/:UID      --> craft-fusion/craft-go/handlers.GetRecordByUIDHandler (5 handlers)
2025-01-09T11:09:11: [GIN-debug] GET    /api-go/swagger/*any      --> github.com/swaggo/gin-swagger.CustomWrapHandler.func1 (5 handlers)
2025-01-09T11:09:11: [GIN-debug] [WARNING] Creating an Engine instance with the Logger and Recovery middleware already attached.
2025-01-09T11:09:11: 
2025-01-09T11:09:11: [GIN-debug] [WARNING] Running in "debug" mode. Switch to "release" mode in production.
2025-01-09T11:09:11:  - using env:	export GIN_MODE=release
2025-01-09T11:09:11:  - using code:	gin.SetMode(gin.ReleaseMode)
2025-01-09T11:09:11: 
2025-01-09T11:09:11: [GIN-debug] GET    /api-go/health            --> main.main.func2 (5 handlers)
2025-01-09T11:09:11: [GIN-debug] GET    /api-go/records           --> craft-fusion/craft-go/handlers.GetRecordsHandler (5 handlers)
2025-01-09T11:09:11: [GIN-debug] GET    /api-go/records/generate  --> craft-fusion/craft-go/handlers.GenerateRecordsHandler (5 handlers)
2025-01-09T11:09:11: [GIN-debug] GET    /api-go/records/time      --> craft-fusion/craft-go/handlers.GetCreationTimeHandler (5 handlers)
2025-01-09T11:09:11: [GIN-debug] GET    /api-go/records/:UID      --> craft-fusion/craft-go/handlers.GetRecordByUIDHandler (5 handlers)
2025-01-09T11:09:11: [GIN-debug] GET    /api-go/swagger/*any      --> github.com/swaggo/gin-swagger.CustomWrapHandler.func1 (5 handlers)
2025-01-09T11:09:11: [GIN-debug] [WARNING] Creating an Engine instance with the Logger and Recovery middleware already attached.
2025-01-09T11:09:11: 
2025-01-09T11:09:11: [GIN-debug] [WARNING] Running in "debug" mode. Switch to "release" mode in production.
2025-01-09T11:09:11:  - using env:	export GIN_MODE=release
2025-01-09T11:09:11:  - using code:	gin.SetMode(gin.ReleaseMode)
2025-01-09T11:09:11: 
2025-01-09T11:09:11: [GIN-debug] GET    /api-go/health            --> main.main.func2 (5 handlers)
2025-01-09T11:09:11: [GIN-debug] GET    /api-go/records           --> craft-fusion/craft-go/handlers.GetRecordsHandler (5 handlers)
2025-01-09T11:09:11: [GIN-debug] GET    /api-go/records/generate  --> craft-fusion/craft-go/handlers.GenerateRecordsHandler (5 handlers)
2025-01-09T11:09:11: [GIN-debug] GET    /api-go/records/time      --> craft-fusion/craft-go/handlers.GetCreationTimeHandler (5 handlers)
2025-01-09T11:09:11: [GIN-debug] GET    /api-go/records/:UID      --> craft-fusion/craft-go/handlers.GetRecordByUIDHandler (5 handlers)
2025-01-09T11:09:11: [GIN-debug] GET    /api-go/swagger/*any      --> github.com/swaggo/gin-swagger.CustomWrapHandler.func1 (5 handlers)
2025-01-09T11:09:11: [GIN-debug] [WARNING] Creating an Engine instance with the Logger and Recovery middleware already attached.
2025-01-09T11:09:11: 
2025-01-09T11:09:11: [GIN-debug] [WARNING] Running in "debug" mode. Switch to "release" mode in production.
2025-01-09T11:09:11:  - using env:	export GIN_MODE=release
2025-01-09T11:09:11:  - using code:	gin.SetMode(gin.ReleaseMode)
2025-01-09T11:09:11: 
2025-01-09T11:09:11: [GIN-debug] GET    /api-go/health            --> main.main.func2 (5 handlers)
2025-01-09T11:09:11: [GIN-debug] GET    /api-go/records           --> craft-fusion/craft-go/handlers.GetRecordsHandler (5 handlers)
2025-01-09T11:09:11: [GIN-debug] GET    /api-go/records/generate  --> craft-fusion/craft-go/handlers.GenerateRecordsHandler (5 handlers)
2025-01-09T11:09:11: [GIN-debug] GET    /api-go/records/time      --> craft-fusion/craft-go/handlers.GetCreationTimeHandler (5 handlers)
2025-01-09T11:09:11: [GIN-debug] GET    /api-go/records/:UID      --> craft-fusion/craft-go/handlers.GetRecordByUIDHandler (5 handlers)
2025-01-09T11:09:11: [GIN-debug] GET    /api-go/swagger/*any      --> github.com/swaggo/gin-swagger.CustomWrapHandler.func1 (5 handlers)
2025-01-09T11:09:11: [GIN-debug] [WARNING] Creating an Engine instance with the Logger and Recovery middleware already attached.
2025-01-09T11:09:11: 
2025-01-09T11:09:11: [GIN-debug] [WARNING] Running in "debug" mode. Switch to "release" mode in production.
2025-01-09T11:09:11:  - using env:	export GIN_MODE=release
2025-01-09T11:09:11:  - using code:	gin.SetMode(gin.ReleaseMode)
2025-01-09T11:09:11: 
2025-01-09T11:09:11: [GIN-debug] GET    /api-go/health            --> main.main.func2 (5 handlers)
2025-01-09T11:09:11: [GIN-debug] GET    /api-go/records           --> craft-fusion/craft-go/handlers.GetRecordsHandler (5 handlers)
2025-01-09T11:09:11: [GIN-debug] GET    /api-go/records/generate  --> craft-fusion/craft-go/handlers.GenerateRecordsHandler (5 handlers)
2025-01-09T11:09:11: [GIN-debug] GET    /api-go/records/time      --> craft-fusion/craft-go/handlers.GetCreationTimeHandler (5 handlers)
2025-01-09T11:09:11: [GIN-debug] GET    /api-go/records/:UID      --> craft-fusion/craft-go/handlers.GetRecordByUIDHandler (5 handlers)
2025-01-09T11:09:11: [GIN-debug] GET    /api-go/swagger/*any      --> github.com/swaggo/gin-swagger.CustomWrapHandler.func1 (5 handlers)
2025-01-09T11:09:12: [GIN-debug] [WARNING] Creating an Engine instance with the Logger and Recovery middleware already attached.
2025-01-09T11:09:12: 
2025-01-09T11:09:12: [GIN-debug] [WARNING] Running in "debug" mode. Switch to "release" mode in production.
2025-01-09T11:09:12:  - using env:	export GIN_MODE=release
2025-01-09T11:09:12:  - using code:	gin.SetMode(gin.ReleaseMode)
2025-01-09T11:09:12: 
2025-01-09T11:09:12: [GIN-debug] GET    /api-go/health            --> main.main.func2 (5 handlers)
2025-01-09T11:09:12: [GIN-debug] GET    /api-go/records           --> craft-fusion/craft-go/handlers.GetRecordsHandler (5 handlers)
2025-01-09T11:09:12: [GIN-debug] GET    /api-go/records/generate  --> craft-fusion/craft-go/handlers.GenerateRecordsHandler (5 handlers)
2025-01-09T11:09:12: [GIN-debug] GET    /api-go/records/time      --> craft-fusion/craft-go/handlers.GetCreationTimeHandler (5 handlers)
2025-01-09T11:09:12: [GIN-debug] GET    /api-go/records/:UID      --> craft-fusion/craft-go/handlers.GetRecordByUIDHandler (5 handlers)
2025-01-09T11:09:12: [GIN-debug] GET    /api-go/swagger/*any      --> github.com/swaggo/gin-swagger.CustomWrapHandler.func1 (5 handlers)
2025-01-09T11:09:12: [GIN-debug] [WARNING] Creating an Engine instance with the Logger and Recovery middleware already attached.
2025-01-09T11:09:12: 
2025-01-09T11:09:12: [GIN-debug] [WARNING] Running in "debug" mode. Switch to "release" mode in production.
2025-01-09T11:09:12:  - using env:	export GIN_MODE=release
2025-01-09T11:09:12:  - using code:	gin.SetMode(gin.ReleaseMode)
2025-01-09T11:09:12: 
2025-01-09T11:09:12: [GIN-debug] GET    /api-go/health            --> main.main.func2 (5 handlers)
2025-01-09T11:09:12: [GIN-debug] GET    /api-go/records           --> craft-fusion/craft-go/handlers.GetRecordsHandler (5 handlers)
2025-01-09T11:09:12: [GIN-debug] GET    /api-go/records/generate  --> craft-fusion/craft-go/handlers.GenerateRecordsHandler (5 handlers)
2025-01-09T11:09:12: [GIN-debug] GET    /api-go/records/time      --> craft-fusion/craft-go/handlers.GetCreationTimeHandler (5 handlers)
2025-01-09T11:09:12: [GIN-debug] GET    /api-go/records/:UID      --> craft-fusion/craft-go/handlers.GetRecordByUIDHandler (5 handlers)
2025-01-09T11:09:12: [GIN-debug] GET    /api-go/swagger/*any      --> github.com/swaggo/gin-swagger.CustomWrapHandler.func1 (5 handlers)
2025-01-09T11:09:12: [GIN-debug] [WARNING] Creating an Engine instance with the Logger and Recovery middleware already attached.
2025-01-09T11:09:12: 
2025-01-09T11:09:12: [GIN-debug] [WARNING] Running in "debug" mode. Switch to "release" mode in production.
2025-01-09T11:09:12:  - using env:	export GIN_MODE=release
2025-01-09T11:09:12:  - using code:	gin.SetMode(gin.ReleaseMode)
2025-01-09T11:09:12: 
2025-01-09T11:09:12: [GIN-debug] GET    /api-go/health            --> main.main.func2 (5 handlers)
2025-01-09T11:09:12: [GIN-debug] GET    /api-go/records           --> craft-fusion/craft-go/handlers.GetRecordsHandler (5 handlers)
2025-01-09T11:09:12: [GIN-debug] GET    /api-go/records/generate  --> craft-fusion/craft-go/handlers.GenerateRecordsHandler (5 handlers)
2025-01-09T11:09:12: [GIN-debug] GET    /api-go/records/time      --> craft-fusion/craft-go/handlers.GetCreationTimeHandler (5 handlers)
2025-01-09T11:09:12: [GIN-debug] GET    /api-go/records/:UID      --> craft-fusion/craft-go/handlers.GetRecordByUIDHandler (5 handlers)
2025-01-09T11:09:12: [GIN-debug] GET    /api-go/swagger/*any      --> github.com/swaggo/gin-swagger.CustomWrapHandler.func1 (5 handlers)
2025-01-09T11:09:12: [GIN-debug] [WARNING] Creating an Engine instance with the Logger and Recovery middleware already attached.
2025-01-09T11:09:12: 
2025-01-09T11:09:12: [GIN-debug] [WARNING] Running in "debug" mode. Switch to "release" mode in production.
2025-01-09T11:09:12:  - using env:	export GIN_MODE=release
2025-01-09T11:09:12:  - using code:	gin.SetMode(gin.ReleaseMode)
2025-01-09T11:09:12: 
2025-01-09T11:09:12: [GIN-debug] GET    /api-go/health            --> main.main.func2 (5 handlers)
2025-01-09T11:09:12: [GIN-debug] GET    /api-go/records           --> craft-fusion/craft-go/handlers.GetRecordsHandler (5 handlers)
2025-01-09T11:09:12: [GIN-debug] GET    /api-go/records/generate  --> craft-fusion/craft-go/handlers.GenerateRecordsHandler (5 handlers)
2025-01-09T11:09:12: [GIN-debug] GET    /api-go/records/time      --> craft-fusion/craft-go/handlers.GetCreationTimeHandler (5 handlers)
2025-01-09T11:09:12: [GIN-debug] GET    /api-go/records/:UID      --> craft-fusion/craft-go/handlers.GetRecordByUIDHandler (5 handlers)
2025-01-09T11:09:12: [GIN-debug] GET    /api-go/swagger/*any      --> github.com/swaggo/gin-swagger.CustomWrapHandler.func1 (5 handlers)
2025-01-09T11:09:12: [GIN-debug] [WARNING] Creating an Engine instance with the Logger and Recovery middleware already attached.
2025-01-09T11:09:12: 
2025-01-09T11:09:12: [GIN-debug] [WARNING] Running in "debug" mode. Switch to "release" mode in production.
2025-01-09T11:09:12:  - using env:	export GIN_MODE=release
2025-01-09T11:09:12:  - using code:	gin.SetMode(gin.ReleaseMode)
2025-01-09T11:09:12: 
2025-01-09T11:09:12: [GIN-debug] GET    /api-go/health            --> main.main.func2 (5 handlers)
2025-01-09T11:09:12: [GIN-debug] GET    /api-go/records           --> craft-fusion/craft-go/handlers.GetRecordsHandler (5 handlers)
2025-01-09T11:09:12: [GIN-debug] GET    /api-go/records/generate  --> craft-fusion/craft-go/handlers.GenerateRecordsHandler (5 handlers)
2025-01-09T11:09:12: [GIN-debug] GET    /api-go/records/time      --> craft-fusion/craft-go/handlers.GetCreationTimeHandler (5 handlers)
2025-01-09T11:09:12: [GIN-debug] GET    /api-go/records/:UID      --> craft-fusion/craft-go/handlers.GetRecordByUIDHandler (5 handlers)
2025-01-09T11:09:12: [GIN-debug] GET    /api-go/swagger/*any      --> github.com/swaggo/gin-swagger.CustomWrapHandler.func1 (5 handlers)
2025-01-09T11:09:12: [GIN-debug] [WARNING] Creating an Engine instance with the Logger and Recovery middleware already attached.
2025-01-09T11:09:12: 
2025-01-09T11:09:12: [GIN-debug] [WARNING] Running in "debug" mode. Switch to "release" mode in production.
2025-01-09T11:09:12:  - using env:	export GIN_MODE=release
2025-01-09T11:09:12:  - using code:	gin.SetMode(gin.ReleaseMode)
2025-01-09T11:09:12: 
2025-01-09T11:09:12: [GIN-debug] GET    /api-go/health            --> main.main.func2 (5 handlers)
2025-01-09T11:09:12: [GIN-debug] GET    /api-go/records           --> craft-fusion/craft-go/handlers.GetRecordsHandler (5 handlers)
2025-01-09T11:09:12: [GIN-debug] GET    /api-go/records/generate  --> craft-fusion/craft-go/handlers.GenerateRecordsHandler (5 handlers)
2025-01-09T11:09:12: [GIN-debug] GET    /api-go/records/time      --> craft-fusion/craft-go/handlers.GetCreationTimeHandler (5 handlers)
2025-01-09T11:09:12: [GIN-debug] GET    /api-go/records/:UID      --> craft-fusion/craft-go/handlers.GetRecordByUIDHandler (5 handlers)
2025-01-09T11:09:12: [GIN-debug] GET    /api-go/swagger/*any      --> github.com/swaggo/gin-swagger.CustomWrapHandler.func1 (5 handlers)
2025-01-09T11:09:12: [GIN-debug] [WARNING] Creating an Engine instance with the Logger and Recovery middleware already attached.
2025-01-09T11:09:12: 
2025-01-09T11:09:12: [GIN-debug] [WARNING] Running in "debug" mode. Switch to "release" mode in production.
2025-01-09T11:09:12:  - using env:	export GIN_MODE=release
2025-01-09T11:09:12:  - using code:	gin.SetMode(gin.ReleaseMode)
2025-01-09T11:09:12: 
2025-01-09T11:09:12: [GIN-debug] GET    /api-go/health            --> main.main.func2 (5 handlers)
2025-01-09T11:09:12: [GIN-debug] GET    /api-go/records           --> craft-fusion/craft-go/handlers.GetRecordsHandler (5 handlers)
2025-01-09T11:09:12: [GIN-debug] GET    /api-go/records/generate  --> craft-fusion/craft-go/handlers.GenerateRecordsHandler (5 handlers)
2025-01-09T11:09:12: [GIN-debug] GET    /api-go/records/time      --> craft-fusion/craft-go/handlers.GetCreationTimeHandler (5 handlers)
2025-01-09T11:09:12: [GIN-debug] GET    /api-go/records/:UID      --> craft-fusion/craft-go/handlers.GetRecordByUIDHandler (5 handlers)
2025-01-09T11:09:12: [GIN-debug] GET    /api-go/swagger/*any      --> github.com/swaggo/gin-swagger.CustomWrapHandler.func1 (5 handlers)
2025-01-09T11:09:12: [GIN-debug] [WARNING] Creating an Engine instance with the Logger and Recovery middleware already attached.
2025-01-09T11:09:12: 
2025-01-09T11:09:12: [GIN-debug] [WARNING] Running in "debug" mode. Switch to "release" mode in production.
2025-01-09T11:09:12:  - using env:	export GIN_MODE=release
2025-01-09T11:09:12:  - using code:	gin.SetMode(gin.ReleaseMode)
2025-01-09T11:09:12: 
2025-01-09T11:09:12: [GIN-debug] GET    /api-go/health            --> main.main.func2 (5 handlers)
2025-01-09T11:09:12: [GIN-debug] GET    /api-go/records           --> craft-fusion/craft-go/handlers.GetRecordsHandler (5 handlers)
2025-01-09T11:09:12: [GIN-debug] GET    /api-go/records/generate  --> craft-fusion/craft-go/handlers.GenerateRecordsHandler (5 handlers)
2025-01-09T11:09:12: [GIN-debug] GET    /api-go/records/time      --> craft-fusion/craft-go/handlers.GetCreationTimeHandler (5 handlers)
2025-01-09T11:09:12: [GIN-debug] GET    /api-go/records/:UID      --> craft-fusion/craft-go/handlers.GetRecordByUIDHandler (5 handlers)
2025-01-09T11:09:12: [GIN-debug] GET    /api-go/swagger/*any      --> github.com/swaggo/gin-swagger.CustomWrapHandler.func1 (5 handlers)
2025-01-09T17:24:37: [GIN-debug] [WARNING] Creating an Engine instance with the Logger and Recovery middleware already attached.
2025-01-09T17:24:37: 
2025-01-09T17:24:37: [GIN-debug] [WARNING] Running in "debug" mode. Switch to "release" mode in production.
2025-01-09T17:24:37:  - using env:	export GIN_MODE=release
2025-01-09T17:24:37:  - using code:	gin.SetMode(gin.ReleaseMode)
2025-01-09T17:24:37: 
2025-01-09T17:24:37: [GIN-debug] GET    /api-go/health            --> main.main.func2 (5 handlers)
2025-01-09T17:24:37: [GIN-debug] GET    /api-go/records           --> craft-fusion/craft-go/handlers.GetRecordsHandler (5 handlers)
2025-01-09T17:24:37: [GIN-debug] GET    /api-go/records/generate  --> craft-fusion/craft-go/handlers.GenerateRecordsHandler (5 handlers)
2025-01-09T17:24:37: [GIN-debug] GET    /api-go/records/time      --> craft-fusion/craft-go/handlers.GetCreationTimeHandler (5 handlers)
2025-01-09T17:24:37: [GIN-debug] GET    /api-go/records/:UID      --> craft-fusion/craft-go/handlers.GetRecordByUIDHandler (5 handlers)
2025-01-09T17:24:37: [GIN-debug] GET    /api-go/swagger/*any      --> github.com/swaggo/gin-swagger.CustomWrapHandler.func1 (5 handlers)
2025-01-09T17:24:37: [GIN-debug] [WARNING] Creating an Engine instance with the Logger and Recovery middleware already attached.
2025-01-09T17:24:37: 
2025-01-09T17:24:37: [GIN-debug] [WARNING] Running in "debug" mode. Switch to "release" mode in production.
2025-01-09T17:24:37:  - using env:	export GIN_MODE=release
2025-01-09T17:24:37:  - using code:	gin.SetMode(gin.ReleaseMode)
2025-01-09T17:24:37: 
2025-01-09T17:24:37: [GIN-debug] GET    /api-go/health            --> main.main.func2 (5 handlers)
2025-01-09T17:24:37: [GIN-debug] GET    /api-go/records           --> craft-fusion/craft-go/handlers.GetRecordsHandler (5 handlers)
2025-01-09T17:24:37: [GIN-debug] GET    /api-go/records/generate  --> craft-fusion/craft-go/handlers.GenerateRecordsHandler (5 handlers)
2025-01-09T17:24:37: [GIN-debug] GET    /api-go/records/time      --> craft-fusion/craft-go/handlers.GetCreationTimeHandler (5 handlers)
2025-01-09T17:24:37: [GIN-debug] GET    /api-go/records/:UID      --> craft-fusion/craft-go/handlers.GetRecordByUIDHandler (5 handlers)
2025-01-09T17:24:37: [GIN-debug] GET    /api-go/swagger/*any      --> github.com/swaggo/gin-swagger.CustomWrapHandler.func1 (5 handlers)
2025-01-09T17:24:37: [GIN-debug] [WARNING] Creating an Engine instance with the Logger and Recovery middleware already attached.
2025-01-09T17:24:37: 
2025-01-09T17:24:37: [GIN-debug] [WARNING] Running in "debug" mode. Switch to "release" mode in production.
2025-01-09T17:24:37:  - using env:	export GIN_MODE=release
2025-01-09T17:24:37:  - using code:	gin.SetMode(gin.ReleaseMode)
2025-01-09T17:24:37: 
2025-01-09T17:24:37: [GIN-debug] GET    /api-go/health            --> main.main.func2 (5 handlers)
2025-01-09T17:24:37: [GIN-debug] GET    /api-go/records           --> craft-fusion/craft-go/handlers.GetRecordsHandler (5 handlers)
2025-01-09T17:24:37: [GIN-debug] GET    /api-go/records/generate  --> craft-fusion/craft-go/handlers.GenerateRecordsHandler (5 handlers)
2025-01-09T17:24:37: [GIN-debug] GET    /api-go/records/time      --> craft-fusion/craft-go/handlers.GetCreationTimeHandler (5 handlers)
2025-01-09T17:24:37: [GIN-debug] GET    /api-go/records/:UID      --> craft-fusion/craft-go/handlers.GetRecordByUIDHandler (5 handlers)
2025-01-09T17:24:37: [GIN-debug] GET    /api-go/swagger/*any      --> github.com/swaggo/gin-swagger.CustomWrapHandler.func1 (5 handlers)
2025-01-09T17:24:37: [GIN-debug] [WARNING] Creating an Engine instance with the Logger and Recovery middleware already attached.
2025-01-09T17:24:37: 
2025-01-09T17:24:37: [GIN-debug] [WARNING] Running in "debug" mode. Switch to "release" mode in production.
2025-01-09T17:24:37:  - using env:	export GIN_MODE=release
2025-01-09T17:24:37:  - using code:	gin.SetMode(gin.ReleaseMode)
2025-01-09T17:24:37: 
2025-01-09T17:24:37: [GIN-debug] GET    /api-go/health            --> main.main.func2 (5 handlers)
2025-01-09T17:24:37: [GIN-debug] GET    /api-go/records           --> craft-fusion/craft-go/handlers.GetRecordsHandler (5 handlers)
2025-01-09T17:24:37: [GIN-debug] GET    /api-go/records/generate  --> craft-fusion/craft-go/handlers.GenerateRecordsHandler (5 handlers)
2025-01-09T17:24:37: [GIN-debug] GET    /api-go/records/time      --> craft-fusion/craft-go/handlers.GetCreationTimeHandler (5 handlers)
2025-01-09T17:24:37: [GIN-debug] GET    /api-go/records/:UID      --> craft-fusion/craft-go/handlers.GetRecordByUIDHandler (5 handlers)
2025-01-09T17:24:37: [GIN-debug] GET    /api-go/swagger/*any      --> github.com/swaggo/gin-swagger.CustomWrapHandler.func1 (5 handlers)
2025-01-09T17:24:37: [GIN-debug] [WARNING] Creating an Engine instance with the Logger and Recovery middleware already attached.
2025-01-09T17:24:37: 
2025-01-09T17:24:37: [GIN-debug] [WARNING] Running in "debug" mode. Switch to "release" mode in production.
2025-01-09T17:24:37:  - using env:	export GIN_MODE=release
2025-01-09T17:24:37:  - using code:	gin.SetMode(gin.ReleaseMode)
2025-01-09T17:24:37: 
2025-01-09T17:24:37: [GIN-debug] GET    /api-go/health            --> main.main.func2 (5 handlers)
2025-01-09T17:24:37: [GIN-debug] GET    /api-go/records           --> craft-fusion/craft-go/handlers.GetRecordsHandler (5 handlers)
2025-01-09T17:24:37: [GIN-debug] GET    /api-go/records/generate  --> craft-fusion/craft-go/handlers.GenerateRecordsHandler (5 handlers)
2025-01-09T17:24:37: [GIN-debug] GET    /api-go/records/time      --> craft-fusion/craft-go/handlers.GetCreationTimeHandler (5 handlers)
2025-01-09T17:24:37: [GIN-debug] GET    /api-go/records/:UID      --> craft-fusion/craft-go/handlers.GetRecordByUIDHandler (5 handlers)
2025-01-09T17:24:37: [GIN-debug] GET    /api-go/swagger/*any      --> github.com/swaggo/gin-swagger.CustomWrapHandler.func1 (5 handlers)
2025-01-09T17:24:37: [GIN-debug] [WARNING] Creating an Engine instance with the Logger and Recovery middleware already attached.
2025-01-09T17:24:37: 
2025-01-09T17:24:37: [GIN-debug] [WARNING] Running in "debug" mode. Switch to "release" mode in production.
2025-01-09T17:24:37:  - using env:	export GIN_MODE=release
2025-01-09T17:24:37:  - using code:	gin.SetMode(gin.ReleaseMode)
2025-01-09T17:24:37: 
2025-01-09T17:24:37: [GIN-debug] GET    /api-go/health            --> main.main.func2 (5 handlers)
2025-01-09T17:24:37: [GIN-debug] GET    /api-go/records           --> craft-fusion/craft-go/handlers.GetRecordsHandler (5 handlers)
2025-01-09T17:24:37: [GIN-debug] GET    /api-go/records/generate  --> craft-fusion/craft-go/handlers.GenerateRecordsHandler (5 handlers)
2025-01-09T17:24:37: [GIN-debug] GET    /api-go/records/time      --> craft-fusion/craft-go/handlers.GetCreationTimeHandler (5 handlers)
2025-01-09T17:24:37: [GIN-debug] GET    /api-go/records/:UID      --> craft-fusion/craft-go/handlers.GetRecordByUIDHandler (5 handlers)
2025-01-09T17:24:37: [GIN-debug] GET    /api-go/swagger/*any      --> github.com/swaggo/gin-swagger.CustomWrapHandler.func1 (5 handlers)
2025-01-09T17:24:37: [GIN-debug] [WARNING] Creating an Engine instance with the Logger and Recovery middleware already attached.
2025-01-09T17:24:37: 
2025-01-09T17:24:37: [GIN-debug] [WARNING] Running in "debug" mode. Switch to "release" mode in production.
2025-01-09T17:24:37:  - using env:	export GIN_MODE=release
2025-01-09T17:24:37:  - using code:	gin.SetMode(gin.ReleaseMode)
2025-01-09T17:24:37: 
2025-01-09T17:24:37: [GIN-debug] GET    /api-go/health            --> main.main.func2 (5 handlers)
2025-01-09T17:24:37: [GIN-debug] GET    /api-go/records           --> craft-fusion/craft-go/handlers.GetRecordsHandler (5 handlers)
2025-01-09T17:24:37: [GIN-debug] GET    /api-go/records/generate  --> craft-fusion/craft-go/handlers.GenerateRecordsHandler (5 handlers)
2025-01-09T17:24:37: [GIN-debug] GET    /api-go/records/time      --> craft-fusion/craft-go/handlers.GetCreationTimeHandler (5 handlers)
2025-01-09T17:24:37: [GIN-debug] GET    /api-go/records/:UID      --> craft-fusion/craft-go/handlers.GetRecordByUIDHandler (5 handlers)
2025-01-09T17:24:37: [GIN-debug] GET    /api-go/swagger/*any      --> github.com/swaggo/gin-swagger.CustomWrapHandler.func1 (5 handlers)
2025-01-09T17:24:38: [GIN-debug] [WARNING] Creating an Engine instance with the Logger and Recovery middleware already attached.
2025-01-09T17:24:38: 
2025-01-09T17:24:38: [GIN-debug] [WARNING] Running in "debug" mode. Switch to "release" mode in production.
2025-01-09T17:24:38:  - using env:	export GIN_MODE=release
2025-01-09T17:24:38:  - using code:	gin.SetMode(gin.ReleaseMode)
2025-01-09T17:24:38: 
2025-01-09T17:24:38: [GIN-debug] GET    /api-go/health            --> main.main.func2 (5 handlers)
2025-01-09T17:24:38: [GIN-debug] GET    /api-go/records           --> craft-fusion/craft-go/handlers.GetRecordsHandler (5 handlers)
2025-01-09T17:24:38: [GIN-debug] GET    /api-go/records/generate  --> craft-fusion/craft-go/handlers.GenerateRecordsHandler (5 handlers)
2025-01-09T17:24:38: [GIN-debug] GET    /api-go/records/time      --> craft-fusion/craft-go/handlers.GetCreationTimeHandler (5 handlers)
2025-01-09T17:24:38: [GIN-debug] GET    /api-go/records/:UID      --> craft-fusion/craft-go/handlers.GetRecordByUIDHandler (5 handlers)
2025-01-09T17:24:38: [GIN-debug] GET    /api-go/swagger/*any      --> github.com/swaggo/gin-swagger.CustomWrapHandler.func1 (5 handlers)
2025-01-09T17:24:38: [GIN-debug] [WARNING] Creating an Engine instance with the Logger and Recovery middleware already attached.
2025-01-09T17:24:38: 
2025-01-09T17:24:38: [GIN-debug] [WARNING] Running in "debug" mode. Switch to "release" mode in production.
2025-01-09T17:24:38:  - using env:	export GIN_MODE=release
2025-01-09T17:24:38:  - using code:	gin.SetMode(gin.ReleaseMode)
2025-01-09T17:24:38: 
2025-01-09T17:24:38: [GIN-debug] GET    /api-go/health            --> main.main.func2 (5 handlers)
2025-01-09T17:24:38: [GIN-debug] GET    /api-go/records           --> craft-fusion/craft-go/handlers.GetRecordsHandler (5 handlers)
2025-01-09T17:24:38: [GIN-debug] GET    /api-go/records/generate  --> craft-fusion/craft-go/handlers.GenerateRecordsHandler (5 handlers)
2025-01-09T17:24:38: [GIN-debug] GET    /api-go/records/time      --> craft-fusion/craft-go/handlers.GetCreationTimeHandler (5 handlers)
2025-01-09T17:24:38: [GIN-debug] GET    /api-go/records/:UID      --> craft-fusion/craft-go/handlers.GetRecordByUIDHandler (5 handlers)
2025-01-09T17:24:38: [GIN-debug] GET    /api-go/swagger/*any      --> github.com/swaggo/gin-swagger.CustomWrapHandler.func1 (5 handlers)
2025-01-09T17:24:38: [GIN-debug] [WARNING] Creating an Engine instance with the Logger and Recovery middleware already attached.
2025-01-09T17:24:38: 
2025-01-09T17:24:38: [GIN-debug] [WARNING] Running in "debug" mode. Switch to "release" mode in production.
2025-01-09T17:24:38:  - using env:	export GIN_MODE=release
2025-01-09T17:24:38:  - using code:	gin.SetMode(gin.ReleaseMode)
2025-01-09T17:24:38: 
2025-01-09T17:24:38: [GIN-debug] GET    /api-go/health            --> main.main.func2 (5 handlers)
2025-01-09T17:24:38: [GIN-debug] GET    /api-go/records           --> craft-fusion/craft-go/handlers.GetRecordsHandler (5 handlers)
2025-01-09T17:24:38: [GIN-debug] GET    /api-go/records/generate  --> craft-fusion/craft-go/handlers.GenerateRecordsHandler (5 handlers)
2025-01-09T17:24:38: [GIN-debug] GET    /api-go/records/time      --> craft-fusion/craft-go/handlers.GetCreationTimeHandler (5 handlers)
2025-01-09T17:24:38: [GIN-debug] GET    /api-go/records/:UID      --> craft-fusion/craft-go/handlers.GetRecordByUIDHandler (5 handlers)
2025-01-09T17:24:38: [GIN-debug] GET    /api-go/swagger/*any      --> github.com/swaggo/gin-swagger.CustomWrapHandler.func1 (5 handlers)
2025-01-09T17:24:38: [GIN-debug] [WARNING] Creating an Engine instance with the Logger and Recovery middleware already attached.
2025-01-09T17:24:38: 
2025-01-09T17:24:38: [GIN-debug] [WARNING] Running in "debug" mode. Switch to "release" mode in production.
2025-01-09T17:24:38:  - using env:	export GIN_MODE=release
2025-01-09T17:24:38:  - using code:	gin.SetMode(gin.ReleaseMode)
2025-01-09T17:24:38: 
2025-01-09T17:24:38: [GIN-debug] GET    /api-go/health            --> main.main.func2 (5 handlers)
2025-01-09T17:24:38: [GIN-debug] GET    /api-go/records           --> craft-fusion/craft-go/handlers.GetRecordsHandler (5 handlers)
2025-01-09T17:24:38: [GIN-debug] GET    /api-go/records/generate  --> craft-fusion/craft-go/handlers.GenerateRecordsHandler (5 handlers)
2025-01-09T17:24:38: [GIN-debug] GET    /api-go/records/time      --> craft-fusion/craft-go/handlers.GetCreationTimeHandler (5 handlers)
2025-01-09T17:24:38: [GIN-debug] GET    /api-go/records/:UID      --> craft-fusion/craft-go/handlers.GetRecordByUIDHandler (5 handlers)
2025-01-09T17:24:38: [GIN-debug] GET    /api-go/swagger/*any      --> github.com/swaggo/gin-swagger.CustomWrapHandler.func1 (5 handlers)
2025-01-09T17:24:38: [GIN-debug] [WARNING] Creating an Engine instance with the Logger and Recovery middleware already attached.
2025-01-09T17:24:38: 
2025-01-09T17:24:38: [GIN-debug] [WARNING] Running in "debug" mode. Switch to "release" mode in production.
2025-01-09T17:24:38:  - using env:	export GIN_MODE=release
2025-01-09T17:24:38:  - using code:	gin.SetMode(gin.ReleaseMode)
2025-01-09T17:24:38: 
2025-01-09T17:24:38: [GIN-debug] GET    /api-go/health            --> main.main.func2 (5 handlers)
2025-01-09T17:24:38: [GIN-debug] GET    /api-go/records           --> craft-fusion/craft-go/handlers.GetRecordsHandler (5 handlers)
2025-01-09T17:24:38: [GIN-debug] GET    /api-go/records/generate  --> craft-fusion/craft-go/handlers.GenerateRecordsHandler (5 handlers)
2025-01-09T17:24:38: [GIN-debug] GET    /api-go/records/time      --> craft-fusion/craft-go/handlers.GetCreationTimeHandler (5 handlers)
2025-01-09T17:24:38: [GIN-debug] GET    /api-go/records/:UID      --> craft-fusion/craft-go/handlers.GetRecordByUIDHandler (5 handlers)
2025-01-09T17:24:38: [GIN-debug] GET    /api-go/swagger/*any      --> github.com/swaggo/gin-swagger.CustomWrapHandler.func1 (5 handlers)
2025-01-09T17:24:38: [GIN-debug] [WARNING] Creating an Engine instance with the Logger and Recovery middleware already attached.
2025-01-09T17:24:38: 
2025-01-09T17:24:38: [GIN-debug] [WARNING] Running in "debug" mode. Switch to "release" mode in production.
2025-01-09T17:24:38:  - using env:	export GIN_MODE=release
2025-01-09T17:24:38:  - using code:	gin.SetMode(gin.ReleaseMode)
2025-01-09T17:24:38: 
2025-01-09T17:24:38: [GIN-debug] GET    /api-go/health            --> main.main.func2 (5 handlers)
2025-01-09T17:24:38: [GIN-debug] GET    /api-go/records           --> craft-fusion/craft-go/handlers.GetRecordsHandler (5 handlers)
2025-01-09T17:24:38: [GIN-debug] GET    /api-go/records/generate  --> craft-fusion/craft-go/handlers.GenerateRecordsHandler (5 handlers)
2025-01-09T17:24:38: [GIN-debug] GET    /api-go/records/time      --> craft-fusion/craft-go/handlers.GetCreationTimeHandler (5 handlers)
2025-01-09T17:24:38: [GIN-debug] GET    /api-go/records/:UID      --> craft-fusion/craft-go/handlers.GetRecordByUIDHandler (5 handlers)
2025-01-09T17:24:38: [GIN-debug] GET    /api-go/swagger/*any      --> github.com/swaggo/gin-swagger.CustomWrapHandler.func1 (5 handlers)
2025-01-09T17:24:38: [GIN-debug] [WARNING] Creating an Engine instance with the Logger and Recovery middleware already attached.
2025-01-09T17:24:38: 
2025-01-09T17:24:38: [GIN-debug] [WARNING] Running in "debug" mode. Switch to "release" mode in production.
2025-01-09T17:24:38:  - using env:	export GIN_MODE=release
2025-01-09T17:24:38:  - using code:	gin.SetMode(gin.ReleaseMode)
2025-01-09T17:24:38: 
2025-01-09T17:24:38: [GIN-debug] GET    /api-go/health            --> main.main.func2 (5 handlers)
2025-01-09T17:24:38: [GIN-debug] GET    /api-go/records           --> craft-fusion/craft-go/handlers.GetRecordsHandler (5 handlers)
2025-01-09T17:24:38: [GIN-debug] GET    /api-go/records/generate  --> craft-fusion/craft-go/handlers.GenerateRecordsHandler (5 handlers)
2025-01-09T17:24:38: [GIN-debug] GET    /api-go/records/time      --> craft-fusion/craft-go/handlers.GetCreationTimeHandler (5 handlers)
2025-01-09T17:24:38: [GIN-debug] GET    /api-go/records/:UID      --> craft-fusion/craft-go/handlers.GetRecordByUIDHandler (5 handlers)
2025-01-09T17:24:38: [GIN-debug] GET    /api-go/swagger/*any      --> github.com/swaggo/gin-swagger.CustomWrapHandler.func1 (5 handlers)
2025-01-09T17:24:38: [GIN-debug] [WARNING] Creating an Engine instance with the Logger and Recovery middleware already attached.
2025-01-09T17:24:38: 
2025-01-09T17:24:38: [GIN-debug] [WARNING] Running in "debug" mode. Switch to "release" mode in production.
2025-01-09T17:24:38:  - using env:	export GIN_MODE=release
2025-01-09T17:24:38:  - using code:	gin.SetMode(gin.ReleaseMode)
2025-01-09T17:24:38: 
2025-01-09T17:24:38: [GIN-debug] GET    /api-go/health            --> main.main.func2 (5 handlers)
2025-01-09T17:24:38: [GIN-debug] GET    /api-go/records           --> craft-fusion/craft-go/handlers.GetRecordsHandler (5 handlers)
2025-01-09T17:24:38: [GIN-debug] GET    /api-go/records/generate  --> craft-fusion/craft-go/handlers.GenerateRecordsHandler (5 handlers)
2025-01-09T17:24:38: [GIN-debug] GET    /api-go/records/time      --> craft-fusion/craft-go/handlers.GetCreationTimeHandler (5 handlers)
2025-01-09T17:24:38: [GIN-debug] GET    /api-go/records/:UID      --> craft-fusion/craft-go/handlers.GetRecordByUIDHandler (5 handlers)
2025-01-09T17:24:38: [GIN-debug] GET    /api-go/swagger/*any      --> github.com/swaggo/gin-swagger.CustomWrapHandler.func1 (5 handlers)
2025-01-09T17:24:38: [GIN-debug] [WARNING] Creating an Engine instance with the Logger and Recovery middleware already attached.
2025-01-09T17:24:38: 
2025-01-09T17:24:38: [GIN-debug] [WARNING] Running in "debug" mode. Switch to "release" mode in production.
2025-01-09T17:24:38:  - using env:	export GIN_MODE=release
2025-01-09T17:24:38:  - using code:	gin.SetMode(gin.ReleaseMode)
2025-01-09T17:24:38: 
2025-01-09T17:24:38: [GIN-debug] GET    /api-go/health            --> main.main.func2 (5 handlers)
2025-01-09T17:24:38: [GIN-debug] GET    /api-go/records           --> craft-fusion/craft-go/handlers.GetRecordsHandler (5 handlers)
2025-01-09T17:24:38: [GIN-debug] GET    /api-go/records/generate  --> craft-fusion/craft-go/handlers.GenerateRecordsHandler (5 handlers)
2025-01-09T17:24:38: [GIN-debug] GET    /api-go/records/time      --> craft-fusion/craft-go/handlers.GetCreationTimeHandler (5 handlers)
2025-01-09T17:24:38: [GIN-debug] GET    /api-go/records/:UID      --> craft-fusion/craft-go/handlers.GetRecordByUIDHandler (5 handlers)
2025-01-09T17:24:38: [GIN-debug] GET    /api-go/swagger/*any      --> github.com/swaggo/gin-swagger.CustomWrapHandler.func1 (5 handlers)
